mode: set
github.com/ruoxizhnya/quant-trading/pkg/data/tushare.go:37.129,45.2 1 0
github.com/ruoxizhnya/quant-trading/pkg/data/tushare.go:79.34,80.25 1 0
github.com/ruoxizhnya/quant-trading/pkg/data/tushare.go:81.15,82.13 1 0
github.com/ruoxizhnya/quant-trading/pkg/data/tushare.go:83.11,84.22 1 0
github.com/ruoxizhnya/quant-trading/pkg/data/tushare.go:85.13,86.22 1 0
github.com/ruoxizhnya/quant-trading/pkg/data/tushare.go:87.14,89.11 2 0
github.com/ruoxizhnya/quant-trading/pkg/data/tushare.go:90.10,91.11 1 0
github.com/ruoxizhnya/quant-trading/pkg/data/tushare.go:96.31,97.29 1 0
github.com/ruoxizhnya/quant-trading/pkg/data/tushare.go:97.29,99.3 1 0
github.com/ruoxizhnya/quant-trading/pkg/data/tushare.go:100.2,100.11 1 0
github.com/ruoxizhnya/quant-trading/pkg/data/tushare.go:104.44,109.40 4 0
github.com/ruoxizhnya/quant-trading/pkg/data/tushare.go:109.40,111.36 2 0
github.com/ruoxizhnya/quant-trading/pkg/data/tushare.go:111.36,115.4 3 0
github.com/ruoxizhnya/quant-trading/pkg/data/tushare.go:116.3,116.21 1 0
github.com/ruoxizhnya/quant-trading/pkg/data/tushare.go:119.2,119.25 1 0
github.com/ruoxizhnya/quant-trading/pkg/data/tushare.go:119.25,121.3 1 0
github.com/ruoxizhnya/quant-trading/pkg/data/tushare.go:122.2,122.18 1 0
github.com/ruoxizhnya/quant-trading/pkg/data/tushare.go:126.139,137.16 4 0
github.com/ruoxizhnya/quant-trading/pkg/data/tushare.go:137.16,139.3 1 0
github.com/ruoxizhnya/quant-trading/pkg/data/tushare.go:141.2,141.28 1 0
github.com/ruoxizhnya/quant-trading/pkg/data/tushare.go:141.28,143.3 1 0
github.com/ruoxizhnya/quant-trading/pkg/data/tushare.go:145.2,146.71 2 0
github.com/ruoxizhnya/quant-trading/pkg/data/tushare.go:146.71,148.3 1 0
github.com/ruoxizhnya/quant-trading/pkg/data/tushare.go:150.2,150.27 1 0
github.com/ruoxizhnya/quant-trading/pkg/data/tushare.go:150.27,152.3 1 0
github.com/ruoxizhnya/quant-trading/pkg/data/tushare.go:154.2,156.26 2 0
github.com/ruoxizhnya/quant-trading/pkg/data/tushare.go:160.118,167.16 3 0
github.com/ruoxizhnya/quant-trading/pkg/data/tushare.go:167.16,169.3 1 0
github.com/ruoxizhnya/quant-trading/pkg/data/tushare.go:171.2,172.22 2 0
github.com/ruoxizhnya/quant-trading/pkg/data/tushare.go:172.22,174.3 1 0
github.com/ruoxizhnya/quant-trading/pkg/data/tushare.go:176.2,176.60 1 0
github.com/ruoxizhnya/quant-trading/pkg/data/tushare.go:176.60,178.3 1 0
github.com/ruoxizhnya/quant-trading/pkg/data/tushare.go:181.2,181.20 1 0
github.com/ruoxizhnya/quant-trading/pkg/data/tushare.go:181.20,183.3 1 0
github.com/ruoxizhnya/quant-trading/pkg/data/tushare.go:183.8,185.3 1 0
github.com/ruoxizhnya/quant-trading/pkg/data/tushare.go:187.2,188.20 2 0
github.com/ruoxizhnya/quant-trading/pkg/data/tushare.go:192.79,194.39 2 0
github.com/ruoxizhnya/quant-trading/pkg/data/tushare.go:194.39,195.20 1 0
github.com/ruoxizhnya/quant-trading/pkg/data/tushare.go:195.20,196.12 1 0
github.com/ruoxizhnya/quant-trading/pkg/data/tushare.go:199.3,201.35 3 0
github.com/ruoxizhnya/quant-trading/pkg/data/tushare.go:201.35,202.12 1 0
github.com/ruoxizhnya/quant-trading/pkg/data/tushare.go:206.3,207.22 2 0
github.com/ruoxizhnya/quant-trading/pkg/data/tushare.go:207.22,209.4 1 0
github.com/ruoxizhnya/quant-trading/pkg/data/tushare.go:211.3,219.54 2 0
github.com/ruoxizhnya/quant-trading/pkg/data/tushare.go:219.54,220.62 1 0
github.com/ruoxizhnya/quant-trading/pkg/data/tushare.go:220.62,222.5 1 0
github.com/ruoxizhnya/quant-trading/pkg/data/tushare.go:225.3,225.33 1 0
github.com/ruoxizhnya/quant-trading/pkg/data/tushare.go:227.2,227.15 1 0
github.com/ruoxizhnya/quant-trading/pkg/data/tushare.go:231.34,232.48 1 1
github.com/ruoxizhnya/quant-trading/pkg/data/tushare.go:232.48,234.3 1 1
github.com/ruoxizhnya/quant-trading/pkg/data/tushare.go:235.2,235.10 1 1
github.com/ruoxizhnya/quant-trading/pkg/data/tushare.go:239.128,247.16 3 0
github.com/ruoxizhnya/quant-trading/pkg/data/tushare.go:247.16,249.3 1 0
github.com/ruoxizhnya/quant-trading/pkg/data/tushare.go:251.2,252.23 2 0
github.com/ruoxizhnya/quant-trading/pkg/data/tushare.go:252.23,254.3 1 0
github.com/ruoxizhnya/quant-trading/pkg/data/tushare.go:257.2,258.25 2 0
github.com/ruoxizhnya/quant-trading/pkg/data/tushare.go:258.25,260.3 1 0
github.com/ruoxizhnya/quant-trading/pkg/data/tushare.go:261.2,261.67 1 0
github.com/ruoxizhnya/quant-trading/pkg/data/tushare.go:261.67,263.3 1 0
github.com/ruoxizhnya/quant-trading/pkg/data/tushare.go:265.2,266.21 2 0
github.com/ruoxizhnya/quant-trading/pkg/data/tushare.go:271.98,274.39 3 0
github.com/ruoxizhnya/quant-trading/pkg/data/tushare.go:274.39,275.20 1 0
github.com/ruoxizhnya/quant-trading/pkg/data/tushare.go:275.20,277.12 2 0
github.com/ruoxizhnya/quant-trading/pkg/data/tushare.go:280.3,281.22 2 0
github.com/ruoxizhnya/quant-trading/pkg/data/tushare.go:281.22,282.12 1 0
github.com/ruoxizhnya/quant-trading/pkg/data/tushare.go:285.3,286.17 2 0
github.com/ruoxizhnya/quant-trading/pkg/data/tushare.go:286.17,287.12 1 0
github.com/ruoxizhnya/quant-trading/pkg/data/tushare.go:290.3,301.35 2 0
github.com/ruoxizhnya/quant-trading/pkg/data/tushare.go:303.2,303.16 1 0
github.com/ruoxizhnya/quant-trading/pkg/data/tushare.go:307.122,314.16 3 0
github.com/ruoxizhnya/quant-trading/pkg/data/tushare.go:314.16,316.3 1 0
github.com/ruoxizhnya/quant-trading/pkg/data/tushare.go:318.2,319.23 2 0
github.com/ruoxizhnya/quant-trading/pkg/data/tushare.go:319.23,321.3 1 0
github.com/ruoxizhnya/quant-trading/pkg/data/tushare.go:323.2,324.25 2 0
github.com/ruoxizhnya/quant-trading/pkg/data/tushare.go:324.25,326.3 1 0
github.com/ruoxizhnya/quant-trading/pkg/data/tushare.go:327.2,327.73 1 0
github.com/ruoxizhnya/quant-trading/pkg/data/tushare.go:327.73,329.3 1 0
github.com/ruoxizhnya/quant-trading/pkg/data/tushare.go:331.2,332.21 2 0
github.com/ruoxizhnya/quant-trading/pkg/data/tushare.go:336.91,338.39 2 0
github.com/ruoxizhnya/quant-trading/pkg/data/tushare.go:338.39,339.21 1 0
github.com/ruoxizhnya/quant-trading/pkg/data/tushare.go:339.21,340.12 1 0
github.com/ruoxizhnya/quant-trading/pkg/data/tushare.go:343.3,344.19 2 0
github.com/ruoxizhnya/quant-trading/pkg/data/tushare.go:344.19,345.12 1 0
github.com/ruoxizhnya/quant-trading/pkg/data/tushare.go:348.3,367.34 4 0
github.com/ruoxizhnya/quant-trading/pkg/data/tushare.go:369.2,369.16 1 0
github.com/ruoxizhnya/quant-trading/pkg/data/tushare.go:373.118,377.16 2 0
github.com/ruoxizhnya/quant-trading/pkg/data/tushare.go:377.16,379.3 1 0
github.com/ruoxizhnya/quant-trading/pkg/data/tushare.go:381.2,382.16 2 0
github.com/ruoxizhnya/quant-trading/pkg/data/tushare.go:382.16,384.3 1 0
github.com/ruoxizhnya/quant-trading/pkg/data/tushare.go:386.2,387.39 2 0
github.com/ruoxizhnya/quant-trading/pkg/data/tushare.go:387.39,388.20 1 0
github.com/ruoxizhnya/quant-trading/pkg/data/tushare.go:388.20,389.12 1 0
github.com/ruoxizhnya/quant-trading/pkg/data/tushare.go:391.3,392.20 2 0
github.com/ruoxizhnya/quant-trading/pkg/data/tushare.go:392.20,394.4 1 0
github.com/ruoxizhnya/quant-trading/pkg/data/tushare.go:397.2,398.26 2 0
github.com/ruoxizhnya/quant-trading/pkg/data/tushare.go:403.62,404.42 1 1
github.com/ruoxizhnya/quant-trading/pkg/data/tushare.go:404.42,406.3 1 1
github.com/ruoxizhnya/quant-trading/pkg/data/tushare.go:407.2,407.31 1 1
github.com/ruoxizhnya/quant-trading/pkg/data/tushare.go:408.14,409.11 1 1
github.com/ruoxizhnya/quant-trading/pkg/data/tushare.go:410.15,411.45 1 1
github.com/ruoxizhnya/quant-trading/pkg/data/tushare.go:412.10,413.30 1 0
github.com/ruoxizhnya/quant-trading/pkg/data/tushare.go:417.65,418.42 1 1
github.com/ruoxizhnya/quant-trading/pkg/data/tushare.go:418.42,420.3 1 1
github.com/ruoxizhnya/quant-trading/pkg/data/tushare.go:421.2,421.31 1 0
github.com/ruoxizhnya/quant-trading/pkg/data/tushare.go:422.15,423.11 1 0
github.com/ruoxizhnya/quant-trading/pkg/data/tushare.go:424.14,426.11 2 0
github.com/ruoxizhnya/quant-trading/pkg/data/tushare.go:427.10,428.11 1 0
github.com/ruoxizhnya/quant-trading/pkg/data/tushare.go:432.63,433.22 1 1
github.com/ruoxizhnya/quant-trading/pkg/data/tushare.go:433.22,435.17 2 1
github.com/ruoxizhnya/quant-trading/pkg/data/tushare.go:436.14,437.16 1 0
github.com/ruoxizhnya/quant-trading/pkg/data/tushare.go:438.14,439.17 1 0
github.com/ruoxizhnya/quant-trading/pkg/data/tushare.go:442.2,442.38 1 1
github.com/ruoxizhnya/quant-trading/pkg/data/tushare.go:448.144,456.16 3 0
github.com/ruoxizhnya/quant-trading/pkg/data/tushare.go:456.16,458.3 1 0
github.com/ruoxizhnya/quant-trading/pkg/data/tushare.go:460.2,460.51 1 0
github.com/ruoxizhnya/quant-trading/pkg/data/tushare.go:466.130,468.39 2 0
github.com/ruoxizhnya/quant-trading/pkg/data/tushare.go:468.39,469.20 1 0
github.com/ruoxizhnya/quant-trading/pkg/data/tushare.go:469.20,470.12 1 0
github.com/ruoxizhnya/quant-trading/pkg/data/tushare.go:473.3,474.20 2 0
github.com/ruoxizhnya/quant-trading/pkg/data/tushare.go:474.20,475.12 1 0
github.com/ruoxizhnya/quant-trading/pkg/data/tushare.go:479.3,480.17 2 0
github.com/ruoxizhnya/quant-trading/pkg/data/tushare.go:480.17,482.12 2 0
github.com/ruoxizhnya/quant-trading/pkg/data/tushare.go:486.3,493.5 3 0
github.com/ruoxizhnya/quant-trading/pkg/data/tushare.go:496.2,497.21 2 0
github.com/ruoxizhnya/quant-trading/pkg/backtest/engine.go:105.72,107.61 2 0
github.com/ruoxizhnya/quant-trading/pkg/backtest/engine.go:107.61,109.3 1 0
github.com/ruoxizhnya/quant-trading/pkg/backtest/engine.go:111.2,112.26 2 0
github.com/ruoxizhnya/quant-trading/pkg/backtest/engine.go:112.26,114.3 1 0
github.com/ruoxizhnya/quant-trading/pkg/backtest/engine.go:115.2,116.30 2 0
github.com/ruoxizhnya/quant-trading/pkg/backtest/engine.go:116.30,118.3 1 0
github.com/ruoxizhnya/quant-trading/pkg/backtest/engine.go:119.2,120.26 2 0
github.com/ruoxizhnya/quant-trading/pkg/backtest/engine.go:120.26,122.3 1 0
github.com/ruoxizhnya/quant-trading/pkg/backtest/engine.go:125.2,125.32 1 0
github.com/ruoxizhnya/quant-trading/pkg/backtest/engine.go:125.32,127.3 1 0
github.com/ruoxizhnya/quant-trading/pkg/backtest/engine.go:128.2,128.32 1 0
github.com/ruoxizhnya/quant-trading/pkg/backtest/engine.go:128.32,130.3 1 0
github.com/ruoxizhnya/quant-trading/pkg/backtest/engine.go:131.2,131.30 1 0
github.com/ruoxizhnya/quant-trading/pkg/backtest/engine.go:131.30,133.3 1 0
github.com/ruoxizhnya/quant-trading/pkg/backtest/engine.go:134.2,134.30 1 0
github.com/ruoxizhnya/quant-trading/pkg/backtest/engine.go:134.30,136.3 1 0
github.com/ruoxizhnya/quant-trading/pkg/backtest/engine.go:138.2,147.8 1 0
github.com/ruoxizhnya/quant-trading/pkg/backtest/engine.go:151.99,154.16 2 0
github.com/ruoxizhnya/quant-trading/pkg/backtest/engine.go:154.16,156.3 1 0
github.com/ruoxizhnya/quant-trading/pkg/backtest/engine.go:157.2,158.16 2 0
github.com/ruoxizhnya/quant-trading/pkg/backtest/engine.go:158.16,160.3 1 0
github.com/ruoxizhnya/quant-trading/pkg/backtest/engine.go:163.2,164.16 2 0
github.com/ruoxizhnya/quant-trading/pkg/backtest/engine.go:164.16,166.3 1 0
github.com/ruoxizhnya/quant-trading/pkg/backtest/engine.go:167.2,167.18 1 0
github.com/ruoxizhnya/quant-trading/pkg/backtest/engine.go:167.18,169.3 1 0
github.com/ruoxizhnya/quant-trading/pkg/backtest/engine.go:172.2,173.25 2 0
github.com/ruoxizhnya/quant-trading/pkg/backtest/engine.go:173.25,175.3 1 0
github.com/ruoxizhnya/quant-trading/pkg/backtest/engine.go:177.2,178.23 2 0
github.com/ruoxizhnya/quant-trading/pkg/backtest/engine.go:178.23,180.3 1 0
github.com/ruoxizhnya/quant-trading/pkg/backtest/engine.go:183.2,211.16 7 0
github.com/ruoxizhnya/quant-trading/pkg/backtest/engine.go:211.16,220.3 3 0
github.com/ruoxizhnya/quant-trading/pkg/backtest/engine.go:222.2,247.8 4 0
github.com/ruoxizhnya/quant-trading/pkg/backtest/engine.go:251.113,264.16 5 0
github.com/ruoxizhnya/quant-trading/pkg/backtest/engine.go:264.16,266.3 1 0
github.com/ruoxizhnya/quant-trading/pkg/backtest/engine.go:268.2,268.27 1 0
github.com/ruoxizhnya/quant-trading/pkg/backtest/engine.go:268.27,270.3 1 0
github.com/ruoxizhnya/quant-trading/pkg/backtest/engine.go:272.2,281.35 6 0
github.com/ruoxizhnya/quant-trading/pkg/backtest/engine.go:281.35,282.10 1 0
github.com/ruoxizhnya/quant-trading/pkg/backtest/engine.go:283.21,284.25 1 0
github.com/ruoxizhnya/quant-trading/pkg/backtest/engine.go:285.11,285.11 0 0
github.com/ruoxizhnya/quant-trading/pkg/backtest/engine.go:288.3,288.16 1 0
github.com/ruoxizhnya/quant-trading/pkg/backtest/engine.go:288.16,294.4 1 0
github.com/ruoxizhnya/quant-trading/pkg/backtest/engine.go:298.3,298.43 1 0
github.com/ruoxizhnya/quant-trading/pkg/backtest/engine.go:298.43,300.40 1 0
github.com/ruoxizhnya/quant-trading/pkg/backtest/engine.go:300.40,301.58 1 0
github.com/ruoxizhnya/quant-trading/pkg/backtest/engine.go:301.58,303.6 1 0
github.com/ruoxizhnya/quant-trading/pkg/backtest/engine.go:306.4,307.18 2 0
github.com/ruoxizhnya/quant-trading/pkg/backtest/engine.go:307.18,313.13 2 0
github.com/ruoxizhnya/quant-trading/pkg/backtest/engine.go:315.4,318.26 2 0
github.com/ruoxizhnya/quant-trading/pkg/backtest/engine.go:318.26,320.5 1 0
github.com/ruoxizhnya/quant-trading/pkg/backtest/engine.go:323.4,323.27 1 0
github.com/ruoxizhnya/quant-trading/pkg/backtest/engine.go:323.27,325.23 2 0
github.com/ruoxizhnya/quant-trading/pkg/backtest/engine.go:325.23,328.6 1 0
github.com/ruoxizhnya/quant-trading/pkg/backtest/engine.go:330.5,330.22 1 0
github.com/ruoxizhnya/quant-trading/pkg/backtest/engine.go:330.22,334.41 3 0
github.com/ruoxizhnya/quant-trading/pkg/backtest/engine.go:334.41,336.30 2 0
github.com/ruoxizhnya/quant-trading/pkg/backtest/engine.go:336.30,338.8 1 0
github.com/ruoxizhnya/quant-trading/pkg/backtest/engine.go:338.13,340.41 2 0
github.com/ruoxizhnya/quant-trading/pkg/backtest/engine.go:340.41,342.9 1 0
github.com/ruoxizhnya/quant-trading/pkg/backtest/engine.go:342.14,342.41 1 0
github.com/ruoxizhnya/quant-trading/pkg/backtest/engine.go:342.41,344.9 1 0
github.com/ruoxizhnya/quant-trading/pkg/backtest/engine.go:348.6,362.17 10 0
github.com/ruoxizhnya/quant-trading/pkg/backtest/engine.go:362.17,364.7 1 0
github.com/ruoxizhnya/quant-trading/pkg/backtest/engine.go:364.12,364.26 1 0
github.com/ruoxizhnya/quant-trading/pkg/backtest/engine.go:364.26,366.7 1 0
github.com/ruoxizhnya/quant-trading/pkg/backtest/engine.go:372.3,373.17 2 0
github.com/ruoxizhnya/quant-trading/pkg/backtest/engine.go:373.17,381.4 2 0
github.com/ruoxizhnya/quant-trading/pkg/backtest/engine.go:384.3,385.17 2 0
github.com/ruoxizhnya/quant-trading/pkg/backtest/engine.go:385.17,391.4 1 0
github.com/ruoxizhnya/quant-trading/pkg/backtest/engine.go:394.3,394.34 1 0
github.com/ruoxizhnya/quant-trading/pkg/backtest/engine.go:394.34,395.32 1 0
github.com/ruoxizhnya/quant-trading/pkg/backtest/engine.go:395.32,397.13 1 0
github.com/ruoxizhnya/quant-trading/pkg/backtest/engine.go:401.4,401.81 1 0
github.com/ruoxizhnya/quant-trading/pkg/backtest/engine.go:401.81,403.116 2 0
github.com/ruoxizhnya/quant-trading/pkg/backtest/engine.go:403.116,409.14 2 0
github.com/ruoxizhnya/quant-trading/pkg/backtest/engine.go:411.5,411.72 1 0
github.com/ruoxizhnya/quant-trading/pkg/backtest/engine.go:411.72,416.14 2 0
github.com/ruoxizhnya/quant-trading/pkg/backtest/engine.go:421.4,424.18 4 0
github.com/ruoxizhnya/quant-trading/pkg/backtest/engine.go:424.18,429.13 2 0
github.com/ruoxizhnya/quant-trading/pkg/backtest/engine.go:434.4,435.22 2 0
github.com/ruoxizhnya/quant-trading/pkg/backtest/engine.go:435.22,436.13 1 0
github.com/ruoxizhnya/quant-trading/pkg/backtest/engine.go:440.4,441.15 2 0
github.com/ruoxizhnya/quant-trading/pkg/backtest/engine.go:441.15,450.5 2 0
github.com/ruoxizhnya/quant-trading/pkg/backtest/engine.go:458.4,459.116 2 0
github.com/ruoxizhnya/quant-trading/pkg/backtest/engine.go:459.116,461.34 1 0
github.com/ruoxizhnya/quant-trading/pkg/backtest/engine.go:461.34,463.6 1 0
github.com/ruoxizhnya/quant-trading/pkg/backtest/engine.go:463.11,465.6 1 0
github.com/ruoxizhnya/quant-trading/pkg/backtest/engine.go:466.5,466.29 1 0
github.com/ruoxizhnya/quant-trading/pkg/backtest/engine.go:466.29,474.14 2 0
github.com/ruoxizhnya/quant-trading/pkg/backtest/engine.go:476.5,476.36 1 0
github.com/ruoxizhnya/quant-trading/pkg/backtest/engine.go:476.36,485.6 1 0
github.com/ruoxizhnya/quant-trading/pkg/backtest/engine.go:489.4,493.27 3 0
github.com/ruoxizhnya/quant-trading/pkg/backtest/engine.go:493.27,495.19 2 0
github.com/ruoxizhnya/quant-trading/pkg/backtest/engine.go:495.19,496.14 1 0
github.com/ruoxizhnya/quant-trading/pkg/backtest/engine.go:499.5,500.29 2 0
github.com/ruoxizhnya/quant-trading/pkg/backtest/engine.go:501.31,509.20 2 0
github.com/ruoxizhnya/quant-trading/pkg/backtest/engine.go:509.20,517.15 4 0
github.com/ruoxizhnya/quant-trading/pkg/backtest/engine.go:520.32,528.20 2 0
github.com/ruoxizhnya/quant-trading/pkg/backtest/engine.go:528.20,535.15 4 0
github.com/ruoxizhnya/quant-trading/pkg/backtest/engine.go:538.32,540.20 2 0
github.com/ruoxizhnya/quant-trading/pkg/backtest/engine.go:540.20,546.15 2 0
github.com/ruoxizhnya/quant-trading/pkg/backtest/engine.go:550.6,556.14 7 0
github.com/ruoxizhnya/quant-trading/pkg/backtest/engine.go:558.31,560.14 1 0
github.com/ruoxizhnya/quant-trading/pkg/backtest/engine.go:564.5,564.21 1 0
github.com/ruoxizhnya/quant-trading/pkg/backtest/engine.go:564.21,566.95 1 0
github.com/ruoxizhnya/quant-trading/pkg/backtest/engine.go:566.95,573.28 4 0
github.com/ruoxizhnya/quant-trading/pkg/backtest/engine.go:573.28,581.8 1 0
github.com/ruoxizhnya/quant-trading/pkg/backtest/engine.go:582.12,582.58 1 0
github.com/ruoxizhnya/quant-trading/pkg/backtest/engine.go:582.58,588.7 4 0
github.com/ruoxizhnya/quant-trading/pkg/backtest/engine.go:589.6,592.49 2 0
github.com/ruoxizhnya/quant-trading/pkg/backtest/engine.go:592.49,594.7 1 0
github.com/ruoxizhnya/quant-trading/pkg/backtest/engine.go:600.3,601.17 2 0
github.com/ruoxizhnya/quant-trading/pkg/backtest/engine.go:601.17,603.4 1 0
github.com/ruoxizhnya/quant-trading/pkg/backtest/engine.go:606.3,606.40 1 0
github.com/ruoxizhnya/quant-trading/pkg/backtest/engine.go:606.40,607.64 1 0
github.com/ruoxizhnya/quant-trading/pkg/backtest/engine.go:607.64,615.19 2 0
github.com/ruoxizhnya/quant-trading/pkg/backtest/engine.go:615.19,621.6 1 0
github.com/ruoxizhnya/quant-trading/pkg/backtest/engine.go:626.3,633.43 3 0
github.com/ruoxizhnya/quant-trading/pkg/backtest/engine.go:633.43,634.74 1 0
github.com/ruoxizhnya/quant-trading/pkg/backtest/engine.go:634.74,636.25 2 0
github.com/ruoxizhnya/quant-trading/pkg/backtest/engine.go:636.25,638.6 1 0
github.com/ruoxizhnya/quant-trading/pkg/backtest/engine.go:638.11,638.34 1 0
github.com/ruoxizhnya/quant-trading/pkg/backtest/engine.go:638.34,640.6 1 0
github.com/ruoxizhnya/quant-trading/pkg/backtest/engine.go:646.2,665.21 5 0
github.com/ruoxizhnya/quant-trading/pkg/backtest/engine.go:669.95,674.16 3 0
github.com/ruoxizhnya/quant-trading/pkg/backtest/engine.go:674.16,676.3 1 0
github.com/ruoxizhnya/quant-trading/pkg/backtest/engine.go:678.2,679.16 2 0
github.com/ruoxizhnya/quant-trading/pkg/backtest/engine.go:679.16,681.3 1 0
github.com/ruoxizhnya/quant-trading/pkg/backtest/engine.go:682.2,684.88 2 0
github.com/ruoxizhnya/quant-trading/pkg/backtest/engine.go:684.88,687.3 1 0
github.com/ruoxizhnya/quant-trading/pkg/backtest/engine.go:688.2,688.38 1 0
github.com/ruoxizhnya/quant-trading/pkg/backtest/engine.go:688.38,690.3 1 0
github.com/ruoxizhnya/quant-trading/pkg/backtest/engine.go:692.2,695.67 2 0
github.com/ruoxizhnya/quant-trading/pkg/backtest/engine.go:695.67,697.3 1 0
github.com/ruoxizhnya/quant-trading/pkg/backtest/engine.go:699.2,699.41 1 0
github.com/ruoxizhnya/quant-trading/pkg/backtest/engine.go:703.97,708.16 3 0
github.com/ruoxizhnya/quant-trading/pkg/backtest/engine.go:708.16,710.3 1 0
github.com/ruoxizhnya/quant-trading/pkg/backtest/engine.go:712.2,713.16 2 0
github.com/ruoxizhnya/quant-trading/pkg/backtest/engine.go:713.16,715.3 1 0
github.com/ruoxizhnya/quant-trading/pkg/backtest/engine.go:716.2,718.38 2 0
github.com/ruoxizhnya/quant-trading/pkg/backtest/engine.go:718.38,720.3 1 0
github.com/ruoxizhnya/quant-trading/pkg/backtest/engine.go:722.2,725.67 2 0
github.com/ruoxizhnya/quant-trading/pkg/backtest/engine.go:725.67,727.3 1 0
github.com/ruoxizhnya/quant-trading/pkg/backtest/engine.go:729.2,730.39 2 0
github.com/ruoxizhnya/quant-trading/pkg/backtest/engine.go:730.39,732.17 2 0
github.com/ruoxizhnya/quant-trading/pkg/backtest/engine.go:732.17,733.12 1 0
github.com/ruoxizhnya/quant-trading/pkg/backtest/engine.go:735.3,735.25 1 0
github.com/ruoxizhnya/quant-trading/pkg/backtest/engine.go:738.2,738.18 1 0
github.com/ruoxizhnya/quant-trading/pkg/backtest/engine.go:742.109,747.16 3 0
github.com/ruoxizhnya/quant-trading/pkg/backtest/engine.go:747.16,749.3 1 0
github.com/ruoxizhnya/quant-trading/pkg/backtest/engine.go:751.2,752.16 2 0
github.com/ruoxizhnya/quant-trading/pkg/backtest/engine.go:752.16,754.3 1 0
github.com/ruoxizhnya/quant-trading/pkg/backtest/engine.go:755.2,757.38 2 0
github.com/ruoxizhnya/quant-trading/pkg/backtest/engine.go:757.38,759.3 1 0
github.com/ruoxizhnya/quant-trading/pkg/backtest/engine.go:761.2,764.67 2 0
github.com/ruoxizhnya/quant-trading/pkg/backtest/engine.go:764.67,766.3 1 0
github.com/ruoxizhnya/quant-trading/pkg/backtest/engine.go:768.2,768.26 1 0
github.com/ruoxizhnya/quant-trading/pkg/backtest/engine.go:772.120,775.34 2 0
github.com/ruoxizhnya/quant-trading/pkg/backtest/engine.go:775.34,777.3 1 0
github.com/ruoxizhnya/quant-trading/pkg/backtest/engine.go:779.2,779.23 1 0
github.com/ruoxizhnya/quant-trading/pkg/backtest/engine.go:779.23,786.3 1 0
github.com/ruoxizhnya/quant-trading/pkg/backtest/engine.go:788.2,795.16 4 0
github.com/ruoxizhnya/quant-trading/pkg/backtest/engine.go:795.16,797.3 1 0
github.com/ruoxizhnya/quant-trading/pkg/backtest/engine.go:799.2,800.16 2 0
github.com/ruoxizhnya/quant-trading/pkg/backtest/engine.go:800.16,802.3 1 0
github.com/ruoxizhnya/quant-trading/pkg/backtest/engine.go:803.2,806.16 3 0
github.com/ruoxizhnya/quant-trading/pkg/backtest/engine.go:806.16,808.3 1 0
github.com/ruoxizhnya/quant-trading/pkg/backtest/engine.go:809.2,811.38 2 0
github.com/ruoxizhnya/quant-trading/pkg/backtest/engine.go:811.38,813.3 1 0
github.com/ruoxizhnya/quant-trading/pkg/backtest/engine.go:815.2,816.67 2 0
github.com/ruoxizhnya/quant-trading/pkg/backtest/engine.go:816.67,818.3 1 0
github.com/ruoxizhnya/quant-trading/pkg/backtest/engine.go:820.2,820.21 1 0
github.com/ruoxizhnya/quant-trading/pkg/backtest/engine.go:824.170,829.32 3 0
github.com/ruoxizhnya/quant-trading/pkg/backtest/engine.go:829.32,831.3 1 0
github.com/ruoxizhnya/quant-trading/pkg/backtest/engine.go:834.2,849.16 3 0
github.com/ruoxizhnya/quant-trading/pkg/backtest/engine.go:849.16,851.3 1 0
github.com/ruoxizhnya/quant-trading/pkg/backtest/engine.go:853.2,854.16 2 0
github.com/ruoxizhnya/quant-trading/pkg/backtest/engine.go:854.16,856.3 1 0
github.com/ruoxizhnya/quant-trading/pkg/backtest/engine.go:857.2,860.16 3 0
github.com/ruoxizhnya/quant-trading/pkg/backtest/engine.go:860.16,862.3 1 0
github.com/ruoxizhnya/quant-trading/pkg/backtest/engine.go:863.2,865.38 2 0
github.com/ruoxizhnya/quant-trading/pkg/backtest/engine.go:865.38,867.3 1 0
github.com/ruoxizhnya/quant-trading/pkg/backtest/engine.go:869.2,872.67 2 0
github.com/ruoxizhnya/quant-trading/pkg/backtest/engine.go:872.67,874.3 1 0
github.com/ruoxizhnya/quant-trading/pkg/backtest/engine.go:876.2,876.28 1 0
github.com/ruoxizhnya/quant-trading/pkg/backtest/engine.go:880.188,896.16 4 0
github.com/ruoxizhnya/quant-trading/pkg/backtest/engine.go:896.16,898.3 1 0
github.com/ruoxizhnya/quant-trading/pkg/backtest/engine.go:900.2,901.16 2 0
github.com/ruoxizhnya/quant-trading/pkg/backtest/engine.go:901.16,903.3 1 0
github.com/ruoxizhnya/quant-trading/pkg/backtest/engine.go:904.2,907.16 3 0
github.com/ruoxizhnya/quant-trading/pkg/backtest/engine.go:907.16,909.3 1 0
github.com/ruoxizhnya/quant-trading/pkg/backtest/engine.go:910.2,912.38 2 0
github.com/ruoxizhnya/quant-trading/pkg/backtest/engine.go:912.38,914.3 1 0
github.com/ruoxizhnya/quant-trading/pkg/backtest/engine.go:916.2,917.73 2 0
github.com/ruoxizhnya/quant-trading/pkg/backtest/engine.go:917.73,919.3 1 0
github.com/ruoxizhnya/quant-trading/pkg/backtest/engine.go:921.2,921.26 1 0
github.com/ruoxizhnya/quant-trading/pkg/backtest/engine.go:925.132,927.25 2 0
github.com/ruoxizhnya/quant-trading/pkg/backtest/engine.go:927.25,929.3 1 0
github.com/ruoxizhnya/quant-trading/pkg/backtest/engine.go:931.2,935.32 3 0
github.com/ruoxizhnya/quant-trading/pkg/backtest/engine.go:935.32,937.3 1 0
github.com/ruoxizhnya/quant-trading/pkg/backtest/engine.go:939.2,946.16 3 0
github.com/ruoxizhnya/quant-trading/pkg/backtest/engine.go:946.16,948.3 1 0
github.com/ruoxizhnya/quant-trading/pkg/backtest/engine.go:950.2,951.16 2 0
github.com/ruoxizhnya/quant-trading/pkg/backtest/engine.go:951.16,953.3 1 0
github.com/ruoxizhnya/quant-trading/pkg/backtest/engine.go:954.2,957.16 3 0
github.com/ruoxizhnya/quant-trading/pkg/backtest/engine.go:957.16,959.3 1 0
github.com/ruoxizhnya/quant-trading/pkg/backtest/engine.go:960.2,962.38 2 0
github.com/ruoxizhnya/quant-trading/pkg/backtest/engine.go:962.38,964.3 1 0
github.com/ruoxizhnya/quant-trading/pkg/backtest/engine.go:966.2,969.67 2 0
github.com/ruoxizhnya/quant-trading/pkg/backtest/engine.go:969.67,971.3 1 0
github.com/ruoxizhnya/quant-trading/pkg/backtest/engine.go:973.2,973.27 1 0
github.com/ruoxizhnya/quant-trading/pkg/backtest/engine.go:977.87,982.44 4 0
github.com/ruoxizhnya/quant-trading/pkg/backtest/engine.go:982.44,984.3 1 0
github.com/ruoxizhnya/quant-trading/pkg/backtest/engine.go:986.2,986.33 1 0
github.com/ruoxizhnya/quant-trading/pkg/backtest/engine.go:986.33,988.3 1 0
github.com/ruoxizhnya/quant-trading/pkg/backtest/engine.go:990.2,990.26 1 0
github.com/ruoxizhnya/quant-trading/pkg/backtest/engine.go:994.79,999.44 4 0
github.com/ruoxizhnya/quant-trading/pkg/backtest/engine.go:999.44,1001.3 1 0
github.com/ruoxizhnya/quant-trading/pkg/backtest/engine.go:1003.2,1003.39 1 0
github.com/ruoxizhnya/quant-trading/pkg/backtest/engine.go:1007.88,1012.44 4 0
github.com/ruoxizhnya/quant-trading/pkg/backtest/engine.go:1012.44,1014.3 1 0
github.com/ruoxizhnya/quant-trading/pkg/backtest/engine.go:1016.2,1016.44 1 0
github.com/ruoxizhnya/quant-trading/pkg/backtest/engine.go:1020.71,1025.44 4 0
github.com/ruoxizhnya/quant-trading/pkg/backtest/engine.go:1025.44,1027.3 1 0
github.com/ruoxizhnya/quant-trading/pkg/backtest/engine.go:1029.2,1029.26 1 0
github.com/ruoxizhnya/quant-trading/pkg/backtest/engine.go:1033.85,1037.16 3 0
github.com/ruoxizhnya/quant-trading/pkg/backtest/engine.go:1037.16,1039.3 1 0
github.com/ruoxizhnya/quant-trading/pkg/backtest/engine.go:1041.2,1042.16 2 0
github.com/ruoxizhnya/quant-trading/pkg/backtest/engine.go:1042.16,1044.3 1 0
github.com/ruoxizhnya/quant-trading/pkg/backtest/engine.go:1045.2,1047.44 2 0
github.com/ruoxizhnya/quant-trading/pkg/backtest/engine.go:1047.44,1049.3 1 0
github.com/ruoxizhnya/quant-trading/pkg/backtest/engine.go:1050.2,1050.38 1 0
github.com/ruoxizhnya/quant-trading/pkg/backtest/engine.go:1050.38,1052.3 1 0
github.com/ruoxizhnya/quant-trading/pkg/backtest/engine.go:1054.2,1057.67 2 0
github.com/ruoxizhnya/quant-trading/pkg/backtest/engine.go:1057.67,1059.3 1 0
github.com/ruoxizhnya/quant-trading/pkg/backtest/engine.go:1061.2,1061.26 1 0
github.com/ruoxizhnya/quant-trading/pkg/backtest/engine.go:1066.36,1067.19 1 1
github.com/ruoxizhnya/quant-trading/pkg/backtest/engine.go:1067.19,1069.3 1 1
github.com/ruoxizhnya/quant-trading/pkg/backtest/engine.go:1070.2,1071.81 2 1
github.com/ruoxizhnya/quant-trading/pkg/backtest/performance.go:12.128,13.30 1 0
github.com/ruoxizhnya/quant-trading/pkg/backtest/performance.go:13.30,15.3 1 0
github.com/ruoxizhnya/quant-trading/pkg/backtest/performance.go:18.2,19.23 2 0
github.com/ruoxizhnya/quant-trading/pkg/backtest/performance.go:19.23,21.3 1 0
github.com/ruoxizhnya/quant-trading/pkg/backtest/performance.go:24.2,39.3 5 0
github.com/ruoxizhnya/quant-trading/pkg/backtest/performance.go:53.105,54.22 1 0
github.com/ruoxizhnya/quant-trading/pkg/backtest/performance.go:54.22,56.3 1 0
github.com/ruoxizhnya/quant-trading/pkg/backtest/performance.go:58.2,72.3 5 0
github.com/ruoxizhnya/quant-trading/pkg/backtest/performance.go:77.74,78.30 1 0
github.com/ruoxizhnya/quant-trading/pkg/backtest/performance.go:78.30,80.3 1 0
github.com/ruoxizhnya/quant-trading/pkg/backtest/performance.go:82.2,83.44 2 0
github.com/ruoxizhnya/quant-trading/pkg/backtest/performance.go:83.44,91.20 4 0
github.com/ruoxizhnya/quant-trading/pkg/backtest/performance.go:91.20,95.4 3 0
github.com/ruoxizhnya/quant-trading/pkg/backtest/performance.go:98.2,98.16 1 0
github.com/ruoxizhnya/quant-trading/pkg/backtest/performance.go:102.89,103.31 1 0
github.com/ruoxizhnya/quant-trading/pkg/backtest/performance.go:103.31,105.3 1 0
github.com/ruoxizhnya/quant-trading/pkg/backtest/performance.go:107.2,111.37 4 0
github.com/ruoxizhnya/quant-trading/pkg/backtest/performance.go:111.37,112.27 1 0
github.com/ruoxizhnya/quant-trading/pkg/backtest/performance.go:112.27,114.4 1 0
github.com/ruoxizhnya/quant-trading/pkg/backtest/performance.go:116.3,117.29 2 0
github.com/ruoxizhnya/quant-trading/pkg/backtest/performance.go:117.29,120.4 2 0
github.com/ruoxizhnya/quant-trading/pkg/backtest/performance.go:123.2,123.38 1 0
github.com/ruoxizhnya/quant-trading/pkg/backtest/performance.go:128.76,129.22 1 0
github.com/ruoxizhnya/quant-trading/pkg/backtest/performance.go:129.22,131.3 1 0
github.com/ruoxizhnya/quant-trading/pkg/backtest/performance.go:134.2,142.17 4 0
github.com/ruoxizhnya/quant-trading/pkg/backtest/performance.go:142.17,144.3 1 0
github.com/ruoxizhnya/quant-trading/pkg/backtest/performance.go:147.2,149.15 2 0
github.com/ruoxizhnya/quant-trading/pkg/backtest/performance.go:154.77,155.22 1 0
github.com/ruoxizhnya/quant-trading/pkg/backtest/performance.go:155.22,157.3 1 0
github.com/ruoxizhnya/quant-trading/pkg/backtest/performance.go:160.2,167.31 4 0
github.com/ruoxizhnya/quant-trading/pkg/backtest/performance.go:167.31,170.3 1 0
github.com/ruoxizhnya/quant-trading/pkg/backtest/performance.go:172.2,173.22 2 0
github.com/ruoxizhnya/quant-trading/pkg/backtest/performance.go:173.22,175.3 1 0
github.com/ruoxizhnya/quant-trading/pkg/backtest/performance.go:178.2,180.16 2 0
github.com/ruoxizhnya/quant-trading/pkg/backtest/performance.go:185.78,186.22 1 0
github.com/ruoxizhnya/quant-trading/pkg/backtest/performance.go:186.22,188.3 1 0
github.com/ruoxizhnya/quant-trading/pkg/backtest/performance.go:189.2,189.35 1 0
github.com/ruoxizhnya/quant-trading/pkg/backtest/performance.go:193.81,194.30 1 0
github.com/ruoxizhnya/quant-trading/pkg/backtest/performance.go:194.30,196.3 1 0
github.com/ruoxizhnya/quant-trading/pkg/backtest/performance.go:198.2,201.21 3 0
github.com/ruoxizhnya/quant-trading/pkg/backtest/performance.go:201.21,203.3 1 0
github.com/ruoxizhnya/quant-trading/pkg/backtest/performance.go:206.2,210.18 4 0
github.com/ruoxizhnya/quant-trading/pkg/backtest/performance.go:210.18,212.3 1 0
github.com/ruoxizhnya/quant-trading/pkg/backtest/performance.go:215.2,218.25 3 0
github.com/ruoxizhnya/quant-trading/pkg/backtest/performance.go:222.53,223.22 1 0
github.com/ruoxizhnya/quant-trading/pkg/backtest/performance.go:223.22,225.3 1 0
github.com/ruoxizhnya/quant-trading/pkg/backtest/performance.go:226.2,226.52 1 0
github.com/ruoxizhnya/quant-trading/pkg/backtest/performance.go:230.66,231.23 1 0
github.com/ruoxizhnya/quant-trading/pkg/backtest/performance.go:231.23,233.3 1 0
github.com/ruoxizhnya/quant-trading/pkg/backtest/performance.go:235.2,241.24 5 0
github.com/ruoxizhnya/quant-trading/pkg/backtest/performance.go:241.24,243.3 1 0
github.com/ruoxizhnya/quant-trading/pkg/backtest/performance.go:245.2,245.20 1 0
github.com/ruoxizhnya/quant-trading/pkg/backtest/performance.go:249.67,250.23 1 0
github.com/ruoxizhnya/quant-trading/pkg/backtest/performance.go:250.23,252.3 1 0
github.com/ruoxizhnya/quant-trading/pkg/backtest/performance.go:254.2,260.24 5 0
github.com/ruoxizhnya/quant-trading/pkg/backtest/performance.go:260.24,262.3 1 0
github.com/ruoxizhnya/quant-trading/pkg/backtest/performance.go:264.2,264.14 1 0
github.com/ruoxizhnya/quant-trading/pkg/backtest/performance.go:264.14,266.3 1 0
github.com/ruoxizhnya/quant-trading/pkg/backtest/performance.go:269.2,270.28 2 0
github.com/ruoxizhnya/quant-trading/pkg/backtest/performance.go:270.28,272.3 1 0
github.com/ruoxizhnya/quant-trading/pkg/backtest/performance.go:274.2,274.29 1 0
github.com/ruoxizhnya/quant-trading/pkg/backtest/performance.go:278.174,279.22 1 0
github.com/ruoxizhnya/quant-trading/pkg/backtest/performance.go:279.22,281.3 1 0
github.com/ruoxizhnya/quant-trading/pkg/backtest/performance.go:284.2,285.31 2 0
github.com/ruoxizhnya/quant-trading/pkg/backtest/performance.go:285.31,287.3 1 0
github.com/ruoxizhnya/quant-trading/pkg/backtest/performance.go:289.2,293.41 4 0
github.com/ruoxizhnya/quant-trading/pkg/backtest/performance.go:293.41,300.35 5 0
github.com/ruoxizhnya/quant-trading/pkg/backtest/performance.go:300.35,301.27 1 0
github.com/ruoxizhnya/quant-trading/pkg/backtest/performance.go:302.30,303.25 1 0
github.com/ruoxizhnya/quant-trading/pkg/backtest/performance.go:303.25,309.6 4 0
github.com/ruoxizhnya/quant-trading/pkg/backtest/performance.go:309.11,309.48 1 0
github.com/ruoxizhnya/quant-trading/pkg/backtest/performance.go:309.48,314.6 3 0
github.com/ruoxizhnya/quant-trading/pkg/backtest/performance.go:314.11,317.25 1 0
github.com/ruoxizhnya/quant-trading/pkg/backtest/performance.go:317.25,322.37 5 0
github.com/ruoxizhnya/quant-trading/pkg/backtest/performance.go:322.37,324.8 1 0
github.com/ruoxizhnya/quant-trading/pkg/backtest/performance.go:324.13,326.8 1 0
github.com/ruoxizhnya/quant-trading/pkg/backtest/performance.go:329.6,332.34 4 0
github.com/ruoxizhnya/quant-trading/pkg/backtest/performance.go:335.31,336.25 1 0
github.com/ruoxizhnya/quant-trading/pkg/backtest/performance.go:336.25,342.6 4 0
github.com/ruoxizhnya/quant-trading/pkg/backtest/performance.go:342.11,342.49 1 0
github.com/ruoxizhnya/quant-trading/pkg/backtest/performance.go:342.49,347.6 3 0
github.com/ruoxizhnya/quant-trading/pkg/backtest/performance.go:347.11,349.25 1 0
github.com/ruoxizhnya/quant-trading/pkg/backtest/performance.go:349.25,354.37 5 0
github.com/ruoxizhnya/quant-trading/pkg/backtest/performance.go:354.37,356.8 1 0
github.com/ruoxizhnya/quant-trading/pkg/backtest/performance.go:356.13,358.8 1 0
github.com/ruoxizhnya/quant-trading/pkg/backtest/performance.go:361.6,364.35 4 0
github.com/ruoxizhnya/quant-trading/pkg/backtest/performance.go:367.31,369.24 1 0
github.com/ruoxizhnya/quant-trading/pkg/backtest/performance.go:369.24,375.36 5 0
github.com/ruoxizhnya/quant-trading/pkg/backtest/performance.go:375.36,377.7 1 0
github.com/ruoxizhnya/quant-trading/pkg/backtest/performance.go:377.12,379.7 1 0
github.com/ruoxizhnya/quant-trading/pkg/backtest/performance.go:380.6,380.53 1 0
github.com/ruoxizhnya/quant-trading/pkg/backtest/performance.go:381.11,381.31 1 0
github.com/ruoxizhnya/quant-trading/pkg/backtest/performance.go:381.31,387.36 5 0
github.com/ruoxizhnya/quant-trading/pkg/backtest/performance.go:387.36,389.7 1 0
github.com/ruoxizhnya/quant-trading/pkg/backtest/performance.go:389.12,391.7 1 0
github.com/ruoxizhnya/quant-trading/pkg/backtest/performance.go:392.6,392.58 1 0
github.com/ruoxizhnya/quant-trading/pkg/backtest/performance.go:395.5,395.32 1 0
github.com/ruoxizhnya/quant-trading/pkg/backtest/performance.go:395.32,399.6 3 0
github.com/ruoxizhnya/quant-trading/pkg/backtest/performance.go:404.2,405.21 2 0
github.com/ruoxizhnya/quant-trading/pkg/backtest/performance.go:405.21,407.3 1 0
github.com/ruoxizhnya/quant-trading/pkg/backtest/performance.go:408.2,408.26 1 0
github.com/ruoxizhnya/quant-trading/pkg/backtest/performance.go:408.26,410.3 1 0
github.com/ruoxizhnya/quant-trading/pkg/backtest/performance.go:412.2,412.91 1 0
github.com/ruoxizhnya/quant-trading/pkg/backtest/performance.go:416.37,417.22 1 0
github.com/ruoxizhnya/quant-trading/pkg/backtest/performance.go:417.22,419.3 1 0
github.com/ruoxizhnya/quant-trading/pkg/backtest/performance.go:420.2,421.27 2 0
github.com/ruoxizhnya/quant-trading/pkg/backtest/performance.go:421.27,423.3 1 0
github.com/ruoxizhnya/quant-trading/pkg/backtest/performance.go:424.2,424.35 1 0
github.com/ruoxizhnya/quant-trading/pkg/backtest/performance.go:427.50,428.21 1 0
github.com/ruoxizhnya/quant-trading/pkg/backtest/performance.go:428.21,430.3 1 0
github.com/ruoxizhnya/quant-trading/pkg/backtest/performance.go:432.2,434.27 3 0
github.com/ruoxizhnya/quant-trading/pkg/backtest/performance.go:434.27,437.3 2 0
github.com/ruoxizhnya/quant-trading/pkg/backtest/performance.go:439.2,439.55 1 0
github.com/ruoxizhnya/quant-trading/pkg/backtest/performance.go:442.49,444.27 2 0
github.com/ruoxizhnya/quant-trading/pkg/backtest/performance.go:444.27,445.12 1 0
github.com/ruoxizhnya/quant-trading/pkg/backtest/performance.go:445.12,447.4 1 0
github.com/ruoxizhnya/quant-trading/pkg/backtest/performance.go:449.2,449.17 1 0
github.com/ruoxizhnya/quant-trading/pkg/backtest/performance.go:459.25,460.31 1 0
github.com/ruoxizhnya/quant-trading/pkg/backtest/performance.go:460.31,465.3 1 0
github.com/ruoxizhnya/quant-trading/pkg/backtest/performance.go:467.2,472.20 4 0
github.com/ruoxizhnya/quant-trading/pkg/backtest/performance.go:472.20,474.3 1 0
github.com/ruoxizhnya/quant-trading/pkg/backtest/performance.go:478.2,482.33 5 0
github.com/ruoxizhnya/quant-trading/pkg/backtest/performance.go:482.33,484.3 1 0
github.com/ruoxizhnya/quant-trading/pkg/backtest/performance.go:487.2,513.3 7 0
github.com/ruoxizhnya/quant-trading/pkg/backtest/tracker.go:41.103,50.2 1 1
github.com/ruoxizhnya/quant-trading/pkg/backtest/tracker.go:53.37,57.2 3 1
github.com/ruoxizhnya/quant-trading/pkg/backtest/tracker.go:60.71,64.13 4 1
github.com/ruoxizhnya/quant-trading/pkg/backtest/tracker.go:64.13,66.3 1 1
github.com/ruoxizhnya/quant-trading/pkg/backtest/tracker.go:68.2,69.20 2 1
github.com/ruoxizhnya/quant-trading/pkg/backtest/tracker.go:73.64,77.36 4 1
github.com/ruoxizhnya/quant-trading/pkg/backtest/tracker.go:77.36,79.3 1 1
github.com/ruoxizhnya/quant-trading/pkg/backtest/tracker.go:80.2,80.15 1 1
github.com/ruoxizhnya/quant-trading/pkg/backtest/tracker.go:84.72,89.36 4 1
github.com/ruoxizhnya/quant-trading/pkg/backtest/tracker.go:89.36,90.35 1 1
github.com/ruoxizhnya/quant-trading/pkg/backtest/tracker.go:90.35,95.4 4 1
github.com/ruoxizhnya/quant-trading/pkg/backtest/tracker.go:97.2,97.19 1 1
github.com/ruoxizhnya/quant-trading/pkg/backtest/tracker.go:101.152,107.19 4 1
github.com/ruoxizhnya/quant-trading/pkg/backtest/tracker.go:108.28,109.48 1 1
github.com/ruoxizhnya/quant-trading/pkg/backtest/tracker.go:110.29,111.48 1 1
github.com/ruoxizhnya/quant-trading/pkg/backtest/tracker.go:112.29,114.49 1 1
github.com/ruoxizhnya/quant-trading/pkg/backtest/tracker.go:114.49,115.24 1 1
github.com/ruoxizhnya/quant-trading/pkg/backtest/tracker.go:115.24,117.5 1 1
github.com/ruoxizhnya/quant-trading/pkg/backtest/tracker.go:117.10,119.5 1 1
github.com/ruoxizhnya/quant-trading/pkg/backtest/tracker.go:123.2,130.78 5 1
github.com/ruoxizhnya/quant-trading/pkg/backtest/tracker.go:130.78,132.3 1 1
github.com/ruoxizhnya/quant-trading/pkg/backtest/tracker.go:134.2,146.19 2 1
github.com/ruoxizhnya/quant-trading/pkg/backtest/tracker.go:147.28,150.20 2 1
github.com/ruoxizhnya/quant-trading/pkg/backtest/tracker.go:150.20,152.4 1 1
github.com/ruoxizhnya/quant-trading/pkg/backtest/tracker.go:153.3,157.54 3 1
github.com/ruoxizhnya/quant-trading/pkg/backtest/tracker.go:157.54,166.37 6 1
github.com/ruoxizhnya/quant-trading/pkg/backtest/tracker.go:166.37,169.5 1 1
github.com/ruoxizhnya/quant-trading/pkg/backtest/tracker.go:170.4,171.32 2 1
github.com/ruoxizhnya/quant-trading/pkg/backtest/tracker.go:172.9,182.4 1 1
github.com/ruoxizhnya/quant-trading/pkg/backtest/tracker.go:184.29,189.54 3 1
github.com/ruoxizhnya/quant-trading/pkg/backtest/tracker.go:189.54,191.4 1 0
github.com/ruoxizhnya/quant-trading/pkg/backtest/tracker.go:191.9,198.4 1 1
github.com/ruoxizhnya/quant-trading/pkg/backtest/tracker.go:200.29,201.49 1 1
github.com/ruoxizhnya/quant-trading/pkg/backtest/tracker.go:201.49,203.21 2 1
github.com/ruoxizhnya/quant-trading/pkg/backtest/tracker.go:203.21,205.5 1 0
github.com/ruoxizhnya/quant-trading/pkg/backtest/tracker.go:207.4,207.24 1 1
github.com/ruoxizhnya/quant-trading/pkg/backtest/tracker.go:207.24,214.63 3 1
github.com/ruoxizhnya/quant-trading/pkg/backtest/tracker.go:214.63,222.6 2 1
github.com/ruoxizhnya/quant-trading/pkg/backtest/tracker.go:226.5,230.23 3 1
github.com/ruoxizhnya/quant-trading/pkg/backtest/tracker.go:230.23,232.6 1 0
github.com/ruoxizhnya/quant-trading/pkg/backtest/tracker.go:234.5,234.29 1 1
github.com/ruoxizhnya/quant-trading/pkg/backtest/tracker.go:234.29,242.6 1 1
github.com/ruoxizhnya/quant-trading/pkg/backtest/tracker.go:245.5,263.30 13 1
github.com/ruoxizhnya/quant-trading/pkg/backtest/tracker.go:264.10,267.23 2 1
github.com/ruoxizhnya/quant-trading/pkg/backtest/tracker.go:267.23,269.6 1 0
github.com/ruoxizhnya/quant-trading/pkg/backtest/tracker.go:270.5,283.30 10 1
github.com/ruoxizhnya/quant-trading/pkg/backtest/tracker.go:287.4,287.32 1 1
github.com/ruoxizhnya/quant-trading/pkg/backtest/tracker.go:287.32,289.5 1 1
github.com/ruoxizhnya/quant-trading/pkg/backtest/tracker.go:290.9,292.4 1 1
github.com/ruoxizhnya/quant-trading/pkg/backtest/tracker.go:296.2,296.48 1 1
github.com/ruoxizhnya/quant-trading/pkg/backtest/tracker.go:296.48,300.3 3 1
github.com/ruoxizhnya/quant-trading/pkg/backtest/tracker.go:302.2,312.19 3 1
github.com/ruoxizhnya/quant-trading/pkg/backtest/tracker.go:317.46,325.36 4 1
github.com/ruoxizhnya/quant-trading/pkg/backtest/tracker.go:325.36,326.28 1 1
github.com/ruoxizhnya/quant-trading/pkg/backtest/tracker.go:326.28,333.4 3 1
github.com/ruoxizhnya/quant-trading/pkg/backtest/tracker.go:338.101,346.36 5 1
github.com/ruoxizhnya/quant-trading/pkg/backtest/tracker.go:346.36,347.35 1 1
github.com/ruoxizhnya/quant-trading/pkg/backtest/tracker.go:347.35,353.24 4 1
github.com/ruoxizhnya/quant-trading/pkg/backtest/tracker.go:353.24,355.5 1 1
github.com/ruoxizhnya/quant-trading/pkg/backtest/tracker.go:355.10,357.5 1 0
github.com/ruoxizhnya/quant-trading/pkg/backtest/tracker.go:361.2,373.11 5 1
github.com/ruoxizhnya/quant-trading/pkg/backtest/tracker.go:377.64,383.2 5 1
github.com/ruoxizhnya/quant-trading/pkg/backtest/tracker.go:386.46,392.2 5 1
github.com/ruoxizhnya/quant-trading/pkg/backtest/tracker.go:395.60,401.2 5 1
github.com/ruoxizhnya/quant-trading/pkg/backtest/tracker.go:404.68,406.2 1 1
github.com/ruoxizhnya/quant-trading/pkg/backtest/tracker.go:409.107,414.13 4 1
github.com/ruoxizhnya/quant-trading/pkg/backtest/tracker.go:414.13,416.3 1 1
github.com/ruoxizhnya/quant-trading/pkg/backtest/tracker.go:418.2,418.91 1 1
github.com/ruoxizhnya/quant-trading/pkg/backtest/tracker.go:422.51,427.2 4 1
github.com/ruoxizhnya/quant-trading/pkg/backtest/tracker.go:430.77,435.36 4 1
github.com/ruoxizhnya/quant-trading/pkg/backtest/tracker.go:435.36,436.35 1 1
github.com/ruoxizhnya/quant-trading/pkg/backtest/tracker.go:436.35,442.4 5 1
github.com/ruoxizhnya/quant-trading/pkg/backtest/tracker.go:445.2,446.32 2 1
github.com/ruoxizhnya/quant-trading/pkg/backtest/tracker.go:446.32,448.23 1 1
github.com/ruoxizhnya/quant-trading/pkg/backtest/tracker.go:448.23,450.4 1 1
github.com/ruoxizhnya/quant-trading/pkg/backtest/tracker.go:450.9,452.4 1 0
github.com/ruoxizhnya/quant-trading/pkg/backtest/tracker.go:455.2,460.3 1 1
github.com/ruoxizhnya/quant-trading/pkg/backtest/tracker.go:464.49,473.2 8 1
github.com/ruoxizhnya/quant-trading/pkg/backtest/tracker.go:476.29,477.11 1 1
github.com/ruoxizhnya/quant-trading/pkg/backtest/tracker.go:477.11,479.3 1 1
github.com/ruoxizhnya/quant-trading/pkg/backtest/tracker.go:480.2,480.10 1 1
github.com/ruoxizhnya/quant-trading/pkg/backtest/tracker.go:483.32,484.11 1 1
github.com/ruoxizhnya/quant-trading/pkg/backtest/tracker.go:484.11,486.3 1 1
github.com/ruoxizhnya/quant-trading/pkg/backtest/tracker.go:487.2,487.10 1 1
github.com/ruoxizhnya/quant-trading/pkg/backtest/tracker.go:490.32,491.11 1 1
github.com/ruoxizhnya/quant-trading/pkg/backtest/tracker.go:491.11,493.3 1 1
github.com/ruoxizhnya/quant-trading/pkg/backtest/tracker.go:494.2,494.10 1 1
