mode: set
github.com/ruoxizhnya/quant-trading/pkg/data/cache.go:36.81,42.2 1 1
github.com/ruoxizhnya/quant-trading/pkg/data/cache.go:46.103,51.35 3 1
github.com/ruoxizhnya/quant-trading/pkg/data/cache.go:51.35,53.57 2 1
github.com/ruoxizhnya/quant-trading/pkg/data/cache.go:53.57,56.4 2 1
github.com/ruoxizhnya/quant-trading/pkg/data/cache.go:60.2,63.16 4 1
github.com/ruoxizhnya/quant-trading/pkg/data/cache.go:63.16,65.3 1 0
github.com/ruoxizhnya/quant-trading/pkg/data/cache.go:68.2,68.19 1 0
github.com/ruoxizhnya/quant-trading/pkg/data/cache.go:68.19,70.43 2 0
github.com/ruoxizhnya/quant-trading/pkg/data/cache.go:70.43,72.4 1 0
github.com/ruoxizhnya/quant-trading/pkg/data/cache.go:73.3,73.60 1 0
github.com/ruoxizhnya/quant-trading/pkg/data/cache.go:73.60,75.4 1 0
github.com/ruoxizhnya/quant-trading/pkg/data/cache.go:75.9,77.4 1 0
github.com/ruoxizhnya/quant-trading/pkg/data/cache.go:80.2,80.18 1 0
github.com/ruoxizhnya/quant-trading/pkg/data/cache.go:85.106,86.20 1 1
github.com/ruoxizhnya/quant-trading/pkg/data/cache.go:86.20,88.3 1 1
github.com/ruoxizhnya/quant-trading/pkg/data/cache.go:89.2,91.57 3 1
github.com/ruoxizhnya/quant-trading/pkg/data/cache.go:91.57,93.3 1 1
github.com/ruoxizhnya/quant-trading/pkg/data/cache.go:94.2,94.43 1 1
github.com/ruoxizhnya/quant-trading/pkg/data/cache.go:100.110,105.35 3 1
github.com/ruoxizhnya/quant-trading/pkg/data/cache.go:105.35,107.60 2 1
github.com/ruoxizhnya/quant-trading/pkg/data/cache.go:107.60,110.4 2 1
github.com/ruoxizhnya/quant-trading/pkg/data/cache.go:114.2,116.16 3 1
github.com/ruoxizhnya/quant-trading/pkg/data/cache.go:116.16,118.3 1 0
github.com/ruoxizhnya/quant-trading/pkg/data/cache.go:121.2,121.22 1 0
github.com/ruoxizhnya/quant-trading/pkg/data/cache.go:121.22,122.75 1 0
github.com/ruoxizhnya/quant-trading/pkg/data/cache.go:122.75,124.4 1 0
github.com/ruoxizhnya/quant-trading/pkg/data/cache.go:127.2,127.21 1 0
github.com/ruoxizhnya/quant-trading/pkg/data/cache.go:131.116,132.23 1 1
github.com/ruoxizhnya/quant-trading/pkg/data/cache.go:132.23,134.3 1 1
github.com/ruoxizhnya/quant-trading/pkg/data/cache.go:135.2,136.58 2 1
github.com/ruoxizhnya/quant-trading/pkg/data/cache.go:145.96,147.2 1 1
github.com/ruoxizhnya/quant-trading/pkg/data/cache.go:151.120,152.23 1 1
github.com/ruoxizhnya/quant-trading/pkg/data/cache.go:152.23,154.3 1 1
github.com/ruoxizhnya/quant-trading/pkg/data/cache.go:156.2,156.18 1 0
github.com/ruoxizhnya/quant-trading/pkg/data/cache.go:156.18,158.3 1 0
github.com/ruoxizhnya/quant-trading/pkg/data/cache.go:160.2,181.31 8 0
github.com/ruoxizhnya/quant-trading/pkg/data/cache.go:181.31,183.13 2 0
github.com/ruoxizhnya/quant-trading/pkg/data/cache.go:183.13,185.32 2 0
github.com/ruoxizhnya/quant-trading/pkg/data/cache.go:185.32,187.37 2 0
github.com/ruoxizhnya/quant-trading/pkg/data/cache.go:187.37,189.14 2 0
github.com/ruoxizhnya/quant-trading/pkg/data/cache.go:191.5,191.50 1 0
github.com/ruoxizhnya/quant-trading/pkg/data/cache.go:197.2,197.12 1 0
github.com/ruoxizhnya/quant-trading/pkg/data/cache.go:197.12,198.31 1 0
github.com/ruoxizhnya/quant-trading/pkg/data/cache.go:198.31,200.4 1 0
github.com/ruoxizhnya/quant-trading/pkg/data/cache.go:201.3,201.20 1 0
github.com/ruoxizhnya/quant-trading/pkg/data/cache.go:205.2,208.12 4 0
github.com/ruoxizhnya/quant-trading/pkg/data/cache.go:208.12,210.29 2 0
github.com/ruoxizhnya/quant-trading/pkg/data/cache.go:210.29,211.40 1 0
github.com/ruoxizhnya/quant-trading/pkg/data/cache.go:211.40,213.13 2 0
github.com/ruoxizhnya/quant-trading/pkg/data/cache.go:215.4,215.73 1 0
github.com/ruoxizhnya/quant-trading/pkg/data/cache.go:215.73,218.13 3 0
github.com/ruoxizhnya/quant-trading/pkg/data/cache.go:220.4,220.7 1 0
github.com/ruoxizhnya/quant-trading/pkg/data/cache.go:222.3,223.18 2 0
github.com/ruoxizhnya/quant-trading/pkg/data/cache.go:226.2,237.12 6 0
github.com/ruoxizhnya/quant-trading/pkg/data/cache.go:243.102,245.16 2 1
github.com/ruoxizhnya/quant-trading/pkg/data/cache.go:245.16,247.3 1 1
github.com/ruoxizhnya/quant-trading/pkg/data/cache.go:248.2,248.44 1 1
github.com/ruoxizhnya/quant-trading/pkg/data/cache.go:252.49,254.2 1 1
github.com/ruoxizhnya/quant-trading/pkg/data/cache.go:257.42,259.2 1 1
github.com/ruoxizhnya/quant-trading/pkg/data/cache.go:262.36,265.2 2 1
github.com/ruoxizhnya/quant-trading/pkg/data/factor.go:24.70,29.2 1 1
github.com/ruoxizhnya/quant-trading/pkg/data/factor.go:31.54,33.2 1 1
github.com/ruoxizhnya/quant-trading/pkg/data/factor.go:38.59,40.12 2 1
github.com/ruoxizhnya/quant-trading/pkg/data/factor.go:40.12,42.3 1 1
github.com/ruoxizhnya/quant-trading/pkg/data/factor.go:43.2,44.27 2 1
github.com/ruoxizhnya/quant-trading/pkg/data/factor.go:44.27,46.3 1 1
github.com/ruoxizhnya/quant-trading/pkg/data/factor.go:47.2,49.27 3 1
github.com/ruoxizhnya/quant-trading/pkg/data/factor.go:49.27,52.3 2 1
github.com/ruoxizhnya/quant-trading/pkg/data/factor.go:53.2,55.39 3 1
github.com/ruoxizhnya/quant-trading/pkg/data/factor.go:55.39,56.30 1 1
github.com/ruoxizhnya/quant-trading/pkg/data/factor.go:56.30,58.4 1 1
github.com/ruoxizhnya/quant-trading/pkg/data/factor.go:59.3,59.16 1 1
github.com/ruoxizhnya/quant-trading/pkg/data/factor.go:61.2,61.32 1 1
github.com/ruoxizhnya/quant-trading/pkg/data/factor.go:61.32,63.3 1 1
github.com/ruoxizhnya/quant-trading/pkg/data/factor.go:64.2,64.15 1 1
github.com/ruoxizhnya/quant-trading/pkg/data/factor.go:68.67,70.12 2 1
github.com/ruoxizhnya/quant-trading/pkg/data/factor.go:70.12,72.3 1 1
github.com/ruoxizhnya/quant-trading/pkg/data/factor.go:73.2,78.32 3 1
github.com/ruoxizhnya/quant-trading/pkg/data/factor.go:78.32,80.3 1 1
github.com/ruoxizhnya/quant-trading/pkg/data/factor.go:81.2,81.41 1 1
github.com/ruoxizhnya/quant-trading/pkg/data/factor.go:81.41,81.85 1 1
github.com/ruoxizhnya/quant-trading/pkg/data/factor.go:82.2,83.28 2 1
github.com/ruoxizhnya/quant-trading/pkg/data/factor.go:83.28,86.3 2 1
github.com/ruoxizhnya/quant-trading/pkg/data/factor.go:87.2,87.15 1 1
github.com/ruoxizhnya/quant-trading/pkg/data/factor.go:93.109,94.23 1 0
github.com/ruoxizhnya/quant-trading/pkg/data/factor.go:94.23,96.3 1 0
github.com/ruoxizhnya/quant-trading/pkg/data/factor.go:97.2,99.16 3 0
github.com/ruoxizhnya/quant-trading/pkg/data/factor.go:99.16,101.3 1 0
github.com/ruoxizhnya/quant-trading/pkg/data/factor.go:102.2,103.25 2 0
github.com/ruoxizhnya/quant-trading/pkg/data/factor.go:103.25,106.3 2 0
github.com/ruoxizhnya/quant-trading/pkg/data/factor.go:107.2,110.37 4 0
github.com/ruoxizhnya/quant-trading/pkg/data/factor.go:110.37,119.3 1 0
github.com/ruoxizhnya/quant-trading/pkg/data/factor.go:120.2,120.67 1 0
github.com/ruoxizhnya/quant-trading/pkg/data/factor.go:120.67,122.3 1 0
github.com/ruoxizhnya/quant-trading/pkg/data/factor.go:123.2,128.12 2 0
github.com/ruoxizhnya/quant-trading/pkg/data/factor.go:131.125,137.29 3 1
github.com/ruoxizhnya/quant-trading/pkg/data/factor.go:137.29,139.3 1 1
github.com/ruoxizhnya/quant-trading/pkg/data/factor.go:140.2,141.38 2 1
github.com/ruoxizhnya/quant-trading/pkg/data/factor.go:141.38,142.40 1 1
github.com/ruoxizhnya/quant-trading/pkg/data/factor.go:142.40,142.84 1 1
github.com/ruoxizhnya/quant-trading/pkg/data/factor.go:143.3,144.39 2 1
github.com/ruoxizhnya/quant-trading/pkg/data/factor.go:144.39,145.39 1 1
github.com/ruoxizhnya/quant-trading/pkg/data/factor.go:145.39,147.10 2 1
github.com/ruoxizhnya/quant-trading/pkg/data/factor.go:150.3,150.38 1 1
github.com/ruoxizhnya/quant-trading/pkg/data/factor.go:150.38,151.12 1 1
github.com/ruoxizhnya/quant-trading/pkg/data/factor.go:153.3,155.39 3 1
github.com/ruoxizhnya/quant-trading/pkg/data/factor.go:155.39,156.12 1 1
github.com/ruoxizhnya/quant-trading/pkg/data/factor.go:158.3,158.57 1 1
github.com/ruoxizhnya/quant-trading/pkg/data/factor.go:160.2,160.16 1 1
github.com/ruoxizhnya/quant-trading/pkg/data/factor.go:165.88,167.16 2 0
github.com/ruoxizhnya/quant-trading/pkg/data/factor.go:167.16,169.3 1 0
github.com/ruoxizhnya/quant-trading/pkg/data/factor.go:170.2,171.34 2 0
github.com/ruoxizhnya/quant-trading/pkg/data/factor.go:171.34,172.33 1 0
github.com/ruoxizhnya/quant-trading/pkg/data/factor.go:172.33,174.4 1 0
github.com/ruoxizhnya/quant-trading/pkg/data/factor.go:176.2,176.25 1 0
github.com/ruoxizhnya/quant-trading/pkg/data/factor.go:176.25,179.3 2 0
github.com/ruoxizhnya/quant-trading/pkg/data/factor.go:180.2,183.37 4 0
github.com/ruoxizhnya/quant-trading/pkg/data/factor.go:183.37,192.3 1 0
github.com/ruoxizhnya/quant-trading/pkg/data/factor.go:193.2,193.67 1 0
github.com/ruoxizhnya/quant-trading/pkg/data/factor.go:193.67,195.3 1 0
github.com/ruoxizhnya/quant-trading/pkg/data/factor.go:196.2,200.12 2 0
github.com/ruoxizhnya/quant-trading/pkg/data/factor.go:204.90,206.16 2 0
github.com/ruoxizhnya/quant-trading/pkg/data/factor.go:206.16,208.3 1 0
github.com/ruoxizhnya/quant-trading/pkg/data/factor.go:209.2,210.34 2 0
github.com/ruoxizhnya/quant-trading/pkg/data/factor.go:210.34,211.35 1 0
github.com/ruoxizhnya/quant-trading/pkg/data/factor.go:211.35,213.4 1 0
github.com/ruoxizhnya/quant-trading/pkg/data/factor.go:215.2,215.25 1 0
github.com/ruoxizhnya/quant-trading/pkg/data/factor.go:215.25,218.3 2 0
github.com/ruoxizhnya/quant-trading/pkg/data/factor.go:219.2,222.37 4 0
github.com/ruoxizhnya/quant-trading/pkg/data/factor.go:222.37,231.3 1 0
github.com/ruoxizhnya/quant-trading/pkg/data/factor.go:232.2,232.67 1 0
github.com/ruoxizhnya/quant-trading/pkg/data/factor.go:232.67,234.3 1 0
github.com/ruoxizhnya/quant-trading/pkg/data/factor.go:235.2,239.12 2 0
github.com/ruoxizhnya/quant-trading/pkg/data/factor.go:243.109,244.77 1 0
github.com/ruoxizhnya/quant-trading/pkg/data/factor.go:244.77,246.3 1 0
github.com/ruoxizhnya/quant-trading/pkg/data/factor.go:247.2,247.56 1 0
github.com/ruoxizhnya/quant-trading/pkg/data/factor.go:247.56,249.3 1 0
github.com/ruoxizhnya/quant-trading/pkg/data/factor.go:250.2,250.58 1 0
github.com/ruoxizhnya/quant-trading/pkg/data/factor.go:250.58,252.3 1 0
github.com/ruoxizhnya/quant-trading/pkg/data/factor.go:253.2,253.12 1 0
github.com/ruoxizhnya/quant-trading/pkg/data/factor.go:259.135,261.16 2 0
github.com/ruoxizhnya/quant-trading/pkg/data/factor.go:261.16,263.3 1 0
github.com/ruoxizhnya/quant-trading/pkg/data/factor.go:264.2,264.27 1 0
github.com/ruoxizhnya/quant-trading/pkg/data/factor.go:264.27,266.3 1 0
github.com/ruoxizhnya/quant-trading/pkg/data/factor.go:267.2,275.34 3 0
github.com/ruoxizhnya/quant-trading/pkg/data/factor.go:275.34,276.10 1 0
github.com/ruoxizhnya/quant-trading/pkg/data/factor.go:277.21,278.27 1 0
github.com/ruoxizhnya/quant-trading/pkg/data/factor.go:279.11,279.11 0 0
github.com/ruoxizhnya/quant-trading/pkg/data/factor.go:281.3,281.73 1 0
github.com/ruoxizhnya/quant-trading/pkg/data/factor.go:281.73,283.12 2 0
github.com/ruoxizhnya/quant-trading/pkg/data/factor.go:285.3,285.10 1 0
github.com/ruoxizhnya/quant-trading/pkg/data/factor.go:287.2,291.19 2 0
github.com/ruoxizhnya/quant-trading/pkg/data/factor.go:296.120,298.28 2 1
github.com/ruoxizhnya/quant-trading/pkg/data/factor.go:298.28,299.34 1 1
github.com/ruoxizhnya/quant-trading/pkg/data/factor.go:299.34,301.4 1 1
github.com/ruoxizhnya/quant-trading/pkg/data/factor.go:302.3,302.47 1 1
github.com/ruoxizhnya/quant-trading/pkg/data/factor.go:302.47,304.4 1 1
github.com/ruoxizhnya/quant-trading/pkg/data/factor.go:305.3,305.57 1 1
github.com/ruoxizhnya/quant-trading/pkg/data/factor.go:307.2,307.15 1 1
github.com/ruoxizhnya/quant-trading/pkg/data/factor_attribution.go:22.74,24.2 1 0
github.com/ruoxizhnya/quant-trading/pkg/data/factor_attribution.go:31.118,34.16 2 0
github.com/ruoxizhnya/quant-trading/pkg/data/factor_attribution.go:34.16,36.3 1 0
github.com/ruoxizhnya/quant-trading/pkg/data/factor_attribution.go:37.2,37.28 1 0
github.com/ruoxizhnya/quant-trading/pkg/data/factor_attribution.go:37.28,39.3 1 0
github.com/ruoxizhnya/quant-trading/pkg/data/factor_attribution.go:42.2,43.37 2 0
github.com/ruoxizhnya/quant-trading/pkg/data/factor_attribution.go:43.37,45.3 1 0
github.com/ruoxizhnya/quant-trading/pkg/data/factor_attribution.go:48.2,49.27 2 0
github.com/ruoxizhnya/quant-trading/pkg/data/factor_attribution.go:49.27,51.3 1 0
github.com/ruoxizhnya/quant-trading/pkg/data/factor_attribution.go:52.2,52.42 1 0
github.com/ruoxizhnya/quant-trading/pkg/data/factor_attribution.go:52.42,52.94 1 0
github.com/ruoxizhnya/quant-trading/pkg/data/factor_attribution.go:54.2,56.23 3 0
github.com/ruoxizhnya/quant-trading/pkg/data/factor_attribution.go:56.23,58.3 1 0
github.com/ruoxizhnya/quant-trading/pkg/data/factor_attribution.go:61.2,62.16 2 0
github.com/ruoxizhnya/quant-trading/pkg/data/factor_attribution.go:62.16,64.3 1 0
github.com/ruoxizhnya/quant-trading/pkg/data/factor_attribution.go:65.2,65.45 1 0
github.com/ruoxizhnya/quant-trading/pkg/data/factor_attribution.go:65.45,67.3 1 0
github.com/ruoxizhnya/quant-trading/pkg/data/factor_attribution.go:69.2,78.30 5 0
github.com/ruoxizhnya/quant-trading/pkg/data/factor_attribution.go:78.30,80.36 2 0
github.com/ruoxizhnya/quant-trading/pkg/data/factor_attribution.go:80.36,81.12 1 0
github.com/ruoxizhnya/quant-trading/pkg/data/factor_attribution.go:83.3,83.73 1 0
github.com/ruoxizhnya/quant-trading/pkg/data/factor_attribution.go:87.2,92.30 3 0
github.com/ruoxizhnya/quant-trading/pkg/data/factor_attribution.go:92.30,94.36 2 0
github.com/ruoxizhnya/quant-trading/pkg/data/factor_attribution.go:94.36,95.12 1 0
github.com/ruoxizhnya/quant-trading/pkg/data/factor_attribution.go:97.3,97.80 1 0
github.com/ruoxizhnya/quant-trading/pkg/data/factor_attribution.go:101.2,102.34 2 0
github.com/ruoxizhnya/quant-trading/pkg/data/factor_attribution.go:102.34,104.3 1 0
github.com/ruoxizhnya/quant-trading/pkg/data/factor_attribution.go:105.2,106.34 2 0
github.com/ruoxizhnya/quant-trading/pkg/data/factor_attribution.go:106.34,108.3 1 0
github.com/ruoxizhnya/quant-trading/pkg/data/factor_attribution.go:111.2,112.25 2 0
github.com/ruoxizhnya/quant-trading/pkg/data/factor_attribution.go:112.25,114.3 1 0
github.com/ruoxizhnya/quant-trading/pkg/data/factor_attribution.go:116.2,116.30 1 0
github.com/ruoxizhnya/quant-trading/pkg/data/factor_attribution.go:116.30,119.37 3 0
github.com/ruoxizhnya/quant-trading/pkg/data/factor_attribution.go:119.37,120.12 1 0
github.com/ruoxizhnya/quant-trading/pkg/data/factor_attribution.go:122.3,125.22 3 0
github.com/ruoxizhnya/quant-trading/pkg/data/factor_attribution.go:125.22,127.4 1 0
github.com/ruoxizhnya/quant-trading/pkg/data/factor_attribution.go:128.3,128.75 1 0
github.com/ruoxizhnya/quant-trading/pkg/data/factor_attribution.go:132.2,133.25 2 0
github.com/ruoxizhnya/quant-trading/pkg/data/factor_attribution.go:133.25,134.35 1 0
github.com/ruoxizhnya/quant-trading/pkg/data/factor_attribution.go:134.35,136.12 2 0
github.com/ruoxizhnya/quant-trading/pkg/data/factor_attribution.go:138.3,139.40 2 0
github.com/ruoxizhnya/quant-trading/pkg/data/factor_attribution.go:139.40,141.4 1 0
github.com/ruoxizhnya/quant-trading/pkg/data/factor_attribution.go:142.3,142.57 1 0
github.com/ruoxizhnya/quant-trading/pkg/data/factor_attribution.go:146.2,147.25 2 0
github.com/ruoxizhnya/quant-trading/pkg/data/factor_attribution.go:147.25,148.35 1 0
github.com/ruoxizhnya/quant-trading/pkg/data/factor_attribution.go:148.35,150.12 2 0
github.com/ruoxizhnya/quant-trading/pkg/data/factor_attribution.go:153.3,153.69 1 0
github.com/ruoxizhnya/quant-trading/pkg/data/factor_attribution.go:156.2,160.25 3 0
github.com/ruoxizhnya/quant-trading/pkg/data/factor_attribution.go:160.25,169.3 1 0
github.com/ruoxizhnya/quant-trading/pkg/data/factor_attribution.go:171.2,171.52 1 0
github.com/ruoxizhnya/quant-trading/pkg/data/factor_attribution.go:175.143,176.22 1 0
github.com/ruoxizhnya/quant-trading/pkg/data/factor_attribution.go:176.22,178.3 1 0
github.com/ruoxizhnya/quant-trading/pkg/data/factor_attribution.go:181.2,182.16 2 0
github.com/ruoxizhnya/quant-trading/pkg/data/factor_attribution.go:182.16,184.3 1 0
github.com/ruoxizhnya/quant-trading/pkg/data/factor_attribution.go:185.2,185.28 1 0
github.com/ruoxizhnya/quant-trading/pkg/data/factor_attribution.go:185.28,187.3 1 0
github.com/ruoxizhnya/quant-trading/pkg/data/factor_attribution.go:189.2,190.37 2 0
github.com/ruoxizhnya/quant-trading/pkg/data/factor_attribution.go:190.37,192.3 1 0
github.com/ruoxizhnya/quant-trading/pkg/data/factor_attribution.go:195.2,196.16 2 0
github.com/ruoxizhnya/quant-trading/pkg/data/factor_attribution.go:196.16,198.3 1 0
github.com/ruoxizhnya/quant-trading/pkg/data/factor_attribution.go:199.2,199.38 1 0
github.com/ruoxizhnya/quant-trading/pkg/data/factor_attribution.go:199.38,201.3 1 0
github.com/ruoxizhnya/quant-trading/pkg/data/factor_attribution.go:203.2,208.27 4 0
github.com/ruoxizhnya/quant-trading/pkg/data/factor_attribution.go:208.27,210.3 1 0
github.com/ruoxizhnya/quant-trading/pkg/data/factor_attribution.go:213.2,214.30 2 0
github.com/ruoxizhnya/quant-trading/pkg/data/factor_attribution.go:214.30,216.36 2 0
github.com/ruoxizhnya/quant-trading/pkg/data/factor_attribution.go:216.36,217.12 1 0
github.com/ruoxizhnya/quant-trading/pkg/data/factor_attribution.go:219.3,219.38 1 0
github.com/ruoxizhnya/quant-trading/pkg/data/factor_attribution.go:223.2,224.30 2 0
github.com/ruoxizhnya/quant-trading/pkg/data/factor_attribution.go:224.30,226.36 2 0
github.com/ruoxizhnya/quant-trading/pkg/data/factor_attribution.go:226.36,227.12 1 0
github.com/ruoxizhnya/quant-trading/pkg/data/factor_attribution.go:229.3,229.38 1 0
github.com/ruoxizhnya/quant-trading/pkg/data/factor_attribution.go:233.2,234.44 2 0
github.com/ruoxizhnya/quant-trading/pkg/data/factor_attribution.go:234.44,236.28 2 0
github.com/ruoxizhnya/quant-trading/pkg/data/factor_attribution.go:236.28,237.12 1 0
github.com/ruoxizhnya/quant-trading/pkg/data/factor_attribution.go:239.3,239.51 1 0
github.com/ruoxizhnya/quant-trading/pkg/data/factor_attribution.go:243.2,252.27 6 0
github.com/ruoxizhnya/quant-trading/pkg/data/factor_attribution.go:252.27,254.3 1 0
github.com/ruoxizhnya/quant-trading/pkg/data/factor_attribution.go:255.2,255.48 1 0
github.com/ruoxizhnya/quant-trading/pkg/data/factor_attribution.go:255.48,255.112 1 0
github.com/ruoxizhnya/quant-trading/pkg/data/factor_attribution.go:257.2,258.22 2 0
github.com/ruoxizhnya/quant-trading/pkg/data/factor_attribution.go:258.22,259.88 1 0
github.com/ruoxizhnya/quant-trading/pkg/data/factor_attribution.go:259.88,261.4 1 0
github.com/ruoxizhnya/quant-trading/pkg/data/factor_attribution.go:264.2,265.27 2 0
github.com/ruoxizhnya/quant-trading/pkg/data/factor_attribution.go:265.27,269.36 3 0
github.com/ruoxizhnya/quant-trading/pkg/data/factor_attribution.go:269.36,271.42 2 0
github.com/ruoxizhnya/quant-trading/pkg/data/factor_attribution.go:271.42,273.5 1 0
github.com/ruoxizhnya/quant-trading/pkg/data/factor_attribution.go:275.3,275.26 1 0
github.com/ruoxizhnya/quant-trading/pkg/data/factor_attribution.go:275.26,277.4 1 0
github.com/ruoxizhnya/quant-trading/pkg/data/factor_attribution.go:280.2,288.80 2 0
github.com/ruoxizhnya/quant-trading/pkg/data/factor_attribution.go:288.80,290.3 1 0
github.com/ruoxizhnya/quant-trading/pkg/data/factor_attribution.go:292.2,292.19 1 0
github.com/ruoxizhnya/quant-trading/pkg/data/factor_attribution.go:296.164,298.2 1 0
github.com/ruoxizhnya/quant-trading/pkg/data/factor_attribution.go:301.148,303.2 1 0
github.com/ruoxizhnya/quant-trading/pkg/data/factor_attribution.go:306.123,308.2 1 0
github.com/ruoxizhnya/quant-trading/pkg/data/factor_attribution.go:312.92,315.27 2 1
github.com/ruoxizhnya/quant-trading/pkg/data/factor_attribution.go:315.27,316.39 1 1
github.com/ruoxizhnya/quant-trading/pkg/data/factor_attribution.go:316.39,318.4 1 1
github.com/ruoxizhnya/quant-trading/pkg/data/factor_attribution.go:320.2,321.11 2 1
github.com/ruoxizhnya/quant-trading/pkg/data/factor_attribution.go:321.11,323.3 1 1
github.com/ruoxizhnya/quant-trading/pkg/data/factor_attribution.go:326.2,328.44 3 1
github.com/ruoxizhnya/quant-trading/pkg/data/factor_attribution.go:328.44,328.100 1 1
github.com/ruoxizhnya/quant-trading/pkg/data/factor_attribution.go:329.2,330.32 2 1
github.com/ruoxizhnya/quant-trading/pkg/data/factor_attribution.go:330.32,332.3 1 1
github.com/ruoxizhnya/quant-trading/pkg/data/factor_attribution.go:335.2,337.44 3 1
github.com/ruoxizhnya/quant-trading/pkg/data/factor_attribution.go:337.44,337.114 1 1
github.com/ruoxizhnya/quant-trading/pkg/data/factor_attribution.go:338.2,339.32 2 1
github.com/ruoxizhnya/quant-trading/pkg/data/factor_attribution.go:339.32,341.3 1 1
github.com/ruoxizhnya/quant-trading/pkg/data/factor_attribution.go:344.2,346.30 3 1
github.com/ruoxizhnya/quant-trading/pkg/data/factor_attribution.go:346.30,349.3 2 1
github.com/ruoxizhnya/quant-trading/pkg/data/factor_attribution.go:352.2,353.16 2 1
github.com/ruoxizhnya/quant-trading/pkg/data/factor_attribution.go:353.16,355.3 1 0
github.com/ruoxizhnya/quant-trading/pkg/data/factor_attribution.go:356.2,356.28 1 1
github.com/ruoxizhnya/quant-trading/pkg/data/factor_attribution.go:361.55,362.50 1 1
github.com/ruoxizhnya/quant-trading/pkg/data/factor_attribution.go:362.50,364.3 1 1
github.com/ruoxizhnya/quant-trading/pkg/data/factor_attribution.go:365.2,366.20 2 1
github.com/ruoxizhnya/quant-trading/pkg/data/factor_attribution.go:366.20,368.3 1 0
github.com/ruoxizhnya/quant-trading/pkg/data/factor_attribution.go:370.2,374.12 3 1
github.com/ruoxizhnya/quant-trading/pkg/data/factor_attribution.go:374.12,378.3 1 1
github.com/ruoxizhnya/quant-trading/pkg/data/factor_attribution.go:380.2,380.38 1 1
github.com/ruoxizhnya/quant-trading/pkg/data/factor_attribution.go:383.33,384.14 1 1
github.com/ruoxizhnya/quant-trading/pkg/data/factor_attribution.go:384.14,386.3 1 1
github.com/ruoxizhnya/quant-trading/pkg/data/factor_attribution.go:387.2,387.20 1 1
github.com/ruoxizhnya/quant-trading/pkg/data/tushare.go:37.128,45.2 1 0
github.com/ruoxizhnya/quant-trading/pkg/data/tushare.go:79.34,80.25 1 1
github.com/ruoxizhnya/quant-trading/pkg/data/tushare.go:81.15,82.13 1 1
github.com/ruoxizhnya/quant-trading/pkg/data/tushare.go:83.11,84.22 1 1
github.com/ruoxizhnya/quant-trading/pkg/data/tushare.go:85.13,86.22 1 1
github.com/ruoxizhnya/quant-trading/pkg/data/tushare.go:87.14,89.11 2 1
github.com/ruoxizhnya/quant-trading/pkg/data/tushare.go:90.10,91.11 1 1
github.com/ruoxizhnya/quant-trading/pkg/data/tushare.go:96.31,97.29 1 1
github.com/ruoxizhnya/quant-trading/pkg/data/tushare.go:97.29,99.3 1 1
github.com/ruoxizhnya/quant-trading/pkg/data/tushare.go:100.2,100.11 1 1
github.com/ruoxizhnya/quant-trading/pkg/data/tushare.go:104.44,109.40 4 0
github.com/ruoxizhnya/quant-trading/pkg/data/tushare.go:109.40,111.36 2 0
github.com/ruoxizhnya/quant-trading/pkg/data/tushare.go:111.36,115.4 3 0
github.com/ruoxizhnya/quant-trading/pkg/data/tushare.go:116.3,116.21 1 0
github.com/ruoxizhnya/quant-trading/pkg/data/tushare.go:119.2,119.25 1 0
github.com/ruoxizhnya/quant-trading/pkg/data/tushare.go:119.25,121.3 1 0
github.com/ruoxizhnya/quant-trading/pkg/data/tushare.go:122.2,122.18 1 0
github.com/ruoxizhnya/quant-trading/pkg/data/tushare.go:126.139,137.16 4 0
github.com/ruoxizhnya/quant-trading/pkg/data/tushare.go:137.16,139.3 1 0
github.com/ruoxizhnya/quant-trading/pkg/data/tushare.go:141.2,141.28 1 0
github.com/ruoxizhnya/quant-trading/pkg/data/tushare.go:141.28,143.3 1 0
github.com/ruoxizhnya/quant-trading/pkg/data/tushare.go:145.2,146.71 2 0
github.com/ruoxizhnya/quant-trading/pkg/data/tushare.go:146.71,148.3 1 0
github.com/ruoxizhnya/quant-trading/pkg/data/tushare.go:150.2,150.27 1 0
github.com/ruoxizhnya/quant-trading/pkg/data/tushare.go:150.27,152.3 1 0
github.com/ruoxizhnya/quant-trading/pkg/data/tushare.go:154.2,156.26 2 0
github.com/ruoxizhnya/quant-trading/pkg/data/tushare.go:160.118,167.16 3 0
github.com/ruoxizhnya/quant-trading/pkg/data/tushare.go:167.16,169.3 1 0
github.com/ruoxizhnya/quant-trading/pkg/data/tushare.go:171.2,172.22 2 0
github.com/ruoxizhnya/quant-trading/pkg/data/tushare.go:172.22,174.3 1 0
github.com/ruoxizhnya/quant-trading/pkg/data/tushare.go:176.2,176.60 1 0
github.com/ruoxizhnya/quant-trading/pkg/data/tushare.go:176.60,178.3 1 0
github.com/ruoxizhnya/quant-trading/pkg/data/tushare.go:181.2,181.20 1 0
github.com/ruoxizhnya/quant-trading/pkg/data/tushare.go:181.20,183.3 1 0
github.com/ruoxizhnya/quant-trading/pkg/data/tushare.go:183.8,185.3 1 0
github.com/ruoxizhnya/quant-trading/pkg/data/tushare.go:187.2,188.20 2 0
github.com/ruoxizhnya/quant-trading/pkg/data/tushare.go:192.79,194.39 2 1
github.com/ruoxizhnya/quant-trading/pkg/data/tushare.go:194.39,195.20 1 1
github.com/ruoxizhnya/quant-trading/pkg/data/tushare.go:195.20,196.12 1 1
github.com/ruoxizhnya/quant-trading/pkg/data/tushare.go:199.3,201.35 3 1
github.com/ruoxizhnya/quant-trading/pkg/data/tushare.go:201.35,202.12 1 1
github.com/ruoxizhnya/quant-trading/pkg/data/tushare.go:206.3,207.22 2 1
github.com/ruoxizhnya/quant-trading/pkg/data/tushare.go:207.22,209.4 1 1
github.com/ruoxizhnya/quant-trading/pkg/data/tushare.go:211.3,219.54 2 1
github.com/ruoxizhnya/quant-trading/pkg/data/tushare.go:219.54,220.62 1 1
github.com/ruoxizhnya/quant-trading/pkg/data/tushare.go:220.62,222.5 1 1
github.com/ruoxizhnya/quant-trading/pkg/data/tushare.go:225.3,225.33 1 1
github.com/ruoxizhnya/quant-trading/pkg/data/tushare.go:227.2,227.15 1 1
github.com/ruoxizhnya/quant-trading/pkg/data/tushare.go:231.34,232.48 1 1
github.com/ruoxizhnya/quant-trading/pkg/data/tushare.go:232.48,234.3 1 1
github.com/ruoxizhnya/quant-trading/pkg/data/tushare.go:235.2,235.10 1 1
github.com/ruoxizhnya/quant-trading/pkg/data/tushare.go:239.128,247.16 3 0
github.com/ruoxizhnya/quant-trading/pkg/data/tushare.go:247.16,249.3 1 0
github.com/ruoxizhnya/quant-trading/pkg/data/tushare.go:251.2,252.23 2 0
github.com/ruoxizhnya/quant-trading/pkg/data/tushare.go:252.23,254.3 1 0
github.com/ruoxizhnya/quant-trading/pkg/data/tushare.go:257.2,258.25 2 0
github.com/ruoxizhnya/quant-trading/pkg/data/tushare.go:258.25,260.3 1 0
github.com/ruoxizhnya/quant-trading/pkg/data/tushare.go:261.2,261.67 1 0
github.com/ruoxizhnya/quant-trading/pkg/data/tushare.go:261.67,263.3 1 0
github.com/ruoxizhnya/quant-trading/pkg/data/tushare.go:265.2,266.21 2 0
github.com/ruoxizhnya/quant-trading/pkg/data/tushare.go:271.98,274.39 3 1
github.com/ruoxizhnya/quant-trading/pkg/data/tushare.go:274.39,275.20 1 1
github.com/ruoxizhnya/quant-trading/pkg/data/tushare.go:275.20,277.12 2 1
github.com/ruoxizhnya/quant-trading/pkg/data/tushare.go:280.3,281.22 2 1
github.com/ruoxizhnya/quant-trading/pkg/data/tushare.go:281.22,282.12 1 1
github.com/ruoxizhnya/quant-trading/pkg/data/tushare.go:285.3,286.17 2 1
github.com/ruoxizhnya/quant-trading/pkg/data/tushare.go:286.17,287.12 1 1
github.com/ruoxizhnya/quant-trading/pkg/data/tushare.go:290.3,301.35 2 1
github.com/ruoxizhnya/quant-trading/pkg/data/tushare.go:303.2,303.16 1 1
github.com/ruoxizhnya/quant-trading/pkg/data/tushare.go:307.122,314.16 3 0
github.com/ruoxizhnya/quant-trading/pkg/data/tushare.go:314.16,316.3 1 0
github.com/ruoxizhnya/quant-trading/pkg/data/tushare.go:318.2,319.23 2 0
github.com/ruoxizhnya/quant-trading/pkg/data/tushare.go:319.23,321.3 1 0
github.com/ruoxizhnya/quant-trading/pkg/data/tushare.go:323.2,324.25 2 0
github.com/ruoxizhnya/quant-trading/pkg/data/tushare.go:324.25,326.3 1 0
github.com/ruoxizhnya/quant-trading/pkg/data/tushare.go:327.2,327.73 1 0
github.com/ruoxizhnya/quant-trading/pkg/data/tushare.go:327.73,329.3 1 0
github.com/ruoxizhnya/quant-trading/pkg/data/tushare.go:331.2,332.21 2 0
github.com/ruoxizhnya/quant-trading/pkg/data/tushare.go:336.91,338.39 2 1
github.com/ruoxizhnya/quant-trading/pkg/data/tushare.go:338.39,339.20 1 1
github.com/ruoxizhnya/quant-trading/pkg/data/tushare.go:339.20,340.12 1 1
github.com/ruoxizhnya/quant-trading/pkg/data/tushare.go:343.3,344.19 2 1
github.com/ruoxizhnya/quant-trading/pkg/data/tushare.go:344.19,345.12 1 1
github.com/ruoxizhnya/quant-trading/pkg/data/tushare.go:348.3,367.34 4 1
github.com/ruoxizhnya/quant-trading/pkg/data/tushare.go:369.2,369.16 1 1
github.com/ruoxizhnya/quant-trading/pkg/data/tushare.go:374.137,378.21 2 0
github.com/ruoxizhnya/quant-trading/pkg/data/tushare.go:378.21,380.3 1 0
github.com/ruoxizhnya/quant-trading/pkg/data/tushare.go:381.2,381.19 1 0
github.com/ruoxizhnya/quant-trading/pkg/data/tushare.go:381.19,383.3 1 0
github.com/ruoxizhnya/quant-trading/pkg/data/tushare.go:385.2,386.16 2 0
github.com/ruoxizhnya/quant-trading/pkg/data/tushare.go:386.16,388.3 1 0
github.com/ruoxizhnya/quant-trading/pkg/data/tushare.go:390.2,391.23 2 0
github.com/ruoxizhnya/quant-trading/pkg/data/tushare.go:391.23,393.3 1 0
github.com/ruoxizhnya/quant-trading/pkg/data/tushare.go:396.2,396.20 1 0
github.com/ruoxizhnya/quant-trading/pkg/data/tushare.go:396.20,398.26 2 0
github.com/ruoxizhnya/quant-trading/pkg/data/tushare.go:398.26,400.4 1 0
github.com/ruoxizhnya/quant-trading/pkg/data/tushare.go:401.3,401.69 1 0
github.com/ruoxizhnya/quant-trading/pkg/data/tushare.go:401.69,403.4 1 0
github.com/ruoxizhnya/quant-trading/pkg/data/tushare.go:406.2,407.21 2 0
github.com/ruoxizhnya/quant-trading/pkg/data/tushare.go:412.99,414.39 2 1
github.com/ruoxizhnya/quant-trading/pkg/data/tushare.go:414.39,415.20 1 1
github.com/ruoxizhnya/quant-trading/pkg/data/tushare.go:415.20,416.12 1 1
github.com/ruoxizhnya/quant-trading/pkg/data/tushare.go:419.3,420.19 2 1
github.com/ruoxizhnya/quant-trading/pkg/data/tushare.go:420.19,421.12 1 1
github.com/ruoxizhnya/quant-trading/pkg/data/tushare.go:424.3,449.34 6 1
github.com/ruoxizhnya/quant-trading/pkg/data/tushare.go:451.2,451.16 1 1
github.com/ruoxizhnya/quant-trading/pkg/data/tushare.go:455.69,456.42 1 1
github.com/ruoxizhnya/quant-trading/pkg/data/tushare.go:456.42,458.3 1 1
github.com/ruoxizhnya/quant-trading/pkg/data/tushare.go:459.2,460.11 2 1
github.com/ruoxizhnya/quant-trading/pkg/data/tushare.go:464.135,468.16 2 0
github.com/ruoxizhnya/quant-trading/pkg/data/tushare.go:468.16,470.3 1 0
github.com/ruoxizhnya/quant-trading/pkg/data/tushare.go:472.2,473.16 2 0
github.com/ruoxizhnya/quant-trading/pkg/data/tushare.go:473.16,475.3 1 0
github.com/ruoxizhnya/quant-trading/pkg/data/tushare.go:477.2,478.28 2 0
github.com/ruoxizhnya/quant-trading/pkg/data/tushare.go:478.28,480.3 1 0
github.com/ruoxizhnya/quant-trading/pkg/data/tushare.go:483.2,484.30 2 0
github.com/ruoxizhnya/quant-trading/pkg/data/tushare.go:484.30,486.3 1 0
github.com/ruoxizhnya/quant-trading/pkg/data/tushare.go:487.2,487.69 1 0
github.com/ruoxizhnya/quant-trading/pkg/data/tushare.go:487.69,489.3 1 0
github.com/ruoxizhnya/quant-trading/pkg/data/tushare.go:491.2,492.26 2 0
github.com/ruoxizhnya/quant-trading/pkg/data/tushare.go:497.119,499.39 2 1
github.com/ruoxizhnya/quant-trading/pkg/data/tushare.go:499.39,500.20 1 1
github.com/ruoxizhnya/quant-trading/pkg/data/tushare.go:500.20,501.12 1 1
github.com/ruoxizhnya/quant-trading/pkg/data/tushare.go:504.3,505.20 2 1
github.com/ruoxizhnya/quant-trading/pkg/data/tushare.go:505.20,506.12 1 1
github.com/ruoxizhnya/quant-trading/pkg/data/tushare.go:509.3,513.22 4 1
github.com/ruoxizhnya/quant-trading/pkg/data/tushare.go:513.22,514.63 1 1
github.com/ruoxizhnya/quant-trading/pkg/data/tushare.go:514.63,516.5 1 1
github.com/ruoxizhnya/quant-trading/pkg/data/tushare.go:518.3,518.23 1 1
github.com/ruoxizhnya/quant-trading/pkg/data/tushare.go:518.23,519.64 1 1
github.com/ruoxizhnya/quant-trading/pkg/data/tushare.go:519.64,521.5 1 1
github.com/ruoxizhnya/quant-trading/pkg/data/tushare.go:524.3,530.5 1 1
github.com/ruoxizhnya/quant-trading/pkg/data/tushare.go:532.2,532.21 1 1
github.com/ruoxizhnya/quant-trading/pkg/data/tushare.go:537.133,540.16 2 0
github.com/ruoxizhnya/quant-trading/pkg/data/tushare.go:540.16,542.3 1 0
github.com/ruoxizhnya/quant-trading/pkg/data/tushare.go:543.2,543.27 1 0
github.com/ruoxizhnya/quant-trading/pkg/data/tushare.go:543.27,545.3 1 0
github.com/ruoxizhnya/quant-trading/pkg/data/tushare.go:548.2,548.55 1 0
github.com/ruoxizhnya/quant-trading/pkg/data/tushare.go:553.62,554.42 1 1
github.com/ruoxizhnya/quant-trading/pkg/data/tushare.go:554.42,556.3 1 1
github.com/ruoxizhnya/quant-trading/pkg/data/tushare.go:557.2,557.31 1 1
github.com/ruoxizhnya/quant-trading/pkg/data/tushare.go:558.14,559.11 1 1
github.com/ruoxizhnya/quant-trading/pkg/data/tushare.go:560.15,561.45 1 1
github.com/ruoxizhnya/quant-trading/pkg/data/tushare.go:562.10,563.30 1 1
github.com/ruoxizhnya/quant-trading/pkg/data/tushare.go:567.65,568.42 1 1
github.com/ruoxizhnya/quant-trading/pkg/data/tushare.go:568.42,570.3 1 1
github.com/ruoxizhnya/quant-trading/pkg/data/tushare.go:571.2,571.31 1 1
github.com/ruoxizhnya/quant-trading/pkg/data/tushare.go:572.15,573.11 1 1
github.com/ruoxizhnya/quant-trading/pkg/data/tushare.go:574.14,576.11 2 1
github.com/ruoxizhnya/quant-trading/pkg/data/tushare.go:577.10,578.11 1 0
github.com/ruoxizhnya/quant-trading/pkg/data/tushare.go:582.63,583.22 1 1
github.com/ruoxizhnya/quant-trading/pkg/data/tushare.go:583.22,585.17 2 1
github.com/ruoxizhnya/quant-trading/pkg/data/tushare.go:586.14,587.16 1 1
github.com/ruoxizhnya/quant-trading/pkg/data/tushare.go:588.14,589.17 1 1
github.com/ruoxizhnya/quant-trading/pkg/data/tushare.go:592.2,592.38 1 1
github.com/ruoxizhnya/quant-trading/pkg/data/tushare.go:598.144,606.16 3 0
github.com/ruoxizhnya/quant-trading/pkg/data/tushare.go:606.16,608.3 1 0
github.com/ruoxizhnya/quant-trading/pkg/data/tushare.go:610.2,610.51 1 0
github.com/ruoxizhnya/quant-trading/pkg/data/tushare.go:616.130,618.39 2 1
github.com/ruoxizhnya/quant-trading/pkg/data/tushare.go:618.39,619.20 1 1
github.com/ruoxizhnya/quant-trading/pkg/data/tushare.go:619.20,620.12 1 1
github.com/ruoxizhnya/quant-trading/pkg/data/tushare.go:623.3,624.20 2 1
github.com/ruoxizhnya/quant-trading/pkg/data/tushare.go:624.20,625.12 1 1
github.com/ruoxizhnya/quant-trading/pkg/data/tushare.go:629.3,630.17 2 1
github.com/ruoxizhnya/quant-trading/pkg/data/tushare.go:630.17,632.12 2 1
github.com/ruoxizhnya/quant-trading/pkg/data/tushare.go:636.3,643.5 3 1
github.com/ruoxizhnya/quant-trading/pkg/data/tushare.go:646.2,647.21 2 1
github.com/ruoxizhnya/quant-trading/pkg/data/tushare.go:652.130,656.21 2 0
github.com/ruoxizhnya/quant-trading/pkg/data/tushare.go:656.21,658.3 1 0
github.com/ruoxizhnya/quant-trading/pkg/data/tushare.go:659.2,659.19 1 0
github.com/ruoxizhnya/quant-trading/pkg/data/tushare.go:659.19,661.3 1 0
github.com/ruoxizhnya/quant-trading/pkg/data/tushare.go:663.2,664.16 2 0
github.com/ruoxizhnya/quant-trading/pkg/data/tushare.go:664.16,666.3 1 0
github.com/ruoxizhnya/quant-trading/pkg/data/tushare.go:668.2,669.23 2 0
github.com/ruoxizhnya/quant-trading/pkg/data/tushare.go:669.23,671.3 1 0
github.com/ruoxizhnya/quant-trading/pkg/data/tushare.go:674.2,675.25 2 0
github.com/ruoxizhnya/quant-trading/pkg/data/tushare.go:675.25,677.3 1 0
github.com/ruoxizhnya/quant-trading/pkg/data/tushare.go:678.2,678.61 1 0
github.com/ruoxizhnya/quant-trading/pkg/data/tushare.go:678.61,680.3 1 0
github.com/ruoxizhnya/quant-trading/pkg/data/tushare.go:682.2,683.21 2 0
github.com/ruoxizhnya/quant-trading/pkg/data/tushare.go:688.85,690.39 2 1
github.com/ruoxizhnya/quant-trading/pkg/data/tushare.go:690.39,691.20 1 1
github.com/ruoxizhnya/quant-trading/pkg/data/tushare.go:691.20,692.12 1 1
github.com/ruoxizhnya/quant-trading/pkg/data/tushare.go:695.3,696.19 2 1
github.com/ruoxizhnya/quant-trading/pkg/data/tushare.go:696.19,697.12 1 1
github.com/ruoxizhnya/quant-trading/pkg/data/tushare.go:700.3,718.36 8 1
github.com/ruoxizhnya/quant-trading/pkg/data/tushare.go:720.2,720.16 1 1
github.com/ruoxizhnya/quant-trading/pkg/data/tushare.go:726.124,730.21 2 0
github.com/ruoxizhnya/quant-trading/pkg/data/tushare.go:730.21,732.3 1 0
github.com/ruoxizhnya/quant-trading/pkg/data/tushare.go:733.2,733.19 1 0
github.com/ruoxizhnya/quant-trading/pkg/data/tushare.go:733.19,735.3 1 0
github.com/ruoxizhnya/quant-trading/pkg/data/tushare.go:737.2,738.16 2 0
github.com/ruoxizhnya/quant-trading/pkg/data/tushare.go:738.16,740.3 1 0
github.com/ruoxizhnya/quant-trading/pkg/data/tushare.go:742.2,743.23 2 0
github.com/ruoxizhnya/quant-trading/pkg/data/tushare.go:743.23,745.3 1 0
github.com/ruoxizhnya/quant-trading/pkg/data/tushare.go:748.2,749.25 2 0
github.com/ruoxizhnya/quant-trading/pkg/data/tushare.go:749.25,751.3 1 0
github.com/ruoxizhnya/quant-trading/pkg/data/tushare.go:752.2,752.58 1 0
github.com/ruoxizhnya/quant-trading/pkg/data/tushare.go:752.58,754.3 1 0
github.com/ruoxizhnya/quant-trading/pkg/data/tushare.go:756.2,757.21 2 0
github.com/ruoxizhnya/quant-trading/pkg/data/tushare.go:761.79,763.39 2 1
github.com/ruoxizhnya/quant-trading/pkg/data/tushare.go:763.39,764.20 1 1
github.com/ruoxizhnya/quant-trading/pkg/data/tushare.go:764.20,765.12 1 1
github.com/ruoxizhnya/quant-trading/pkg/data/tushare.go:768.3,769.19 2 1
github.com/ruoxizhnya/quant-trading/pkg/data/tushare.go:769.19,770.12 1 1
github.com/ruoxizhnya/quant-trading/pkg/data/tushare.go:773.3,783.36 4 1
github.com/ruoxizhnya/quant-trading/pkg/data/tushare.go:785.2,785.16 1 1
